2021-11-27 09:13:11.547  INFO 9180 --- [main] com.vae.Application                      : Starting Application using Java 1.8.0_281 on SKY-20210218KET with PID 9180 (E:\PycharmProjects\demo\Demo7\sbt-sec-authen-author-session\target\classes started by Administrator in E:\PycharmProjects\demo\Demo7\sbt-sec-authen-author-session)
2021-11-27 09:13:11.550  INFO 9180 --- [main] com.vae.Application                      : The following profiles are active: dev
2021-11-27 09:13:17.401  INFO 9180 --- [main] o.s.b.w.embedded.tomcat.TomcatWebServer  : Tomcat initialized with port(s): 8000 (http)
2021-11-27 09:13:17.506  INFO 9180 --- [main] o.a.coyote.http11.Http11NioProtocol      : Initializing ProtocolHandler ["http-nio-8000"]
2021-11-27 09:13:17.508  INFO 9180 --- [main] o.apache.catalina.core.StandardService   : Starting service [Tomcat]
2021-11-27 09:13:17.508  INFO 9180 --- [main] org.apache.catalina.core.StandardEngine  : Starting Servlet engine: [Apache Tomcat/9.0.50]
2021-11-27 09:13:18.143  INFO 9180 --- [main] o.a.c.c.C.[Tomcat].[localhost].[/]       : Initializing Spring embedded WebApplicationContext
2021-11-27 09:13:18.144  INFO 9180 --- [main] w.s.c.ServletWebServerApplicationContext : Root WebApplicationContext: initialization completed in 6376 ms
2021-11-27 09:13:19.983  WARN 9180 --- [main] c.v.c.s.s.a.RestAuthorizationFilter      : Could not validate configuration attributes as the SecurityMetadataSource did not return any attributes from getAllConfigAttributes()
2021-11-27 09:13:21.582  INFO 9180 --- [main] o.s.s.web.DefaultSecurityFilterChain     : Will secure any request with [org.springframework.security.web.context.request.async.WebAsyncManagerIntegrationFilter@787e4357, org.springframework.security.web.context.SecurityContextPersistenceFilter@1b7f06c7, org.springframework.security.web.header.HeaderWriterFilter@1c8f6c66, org.springframework.web.filter.CorsFilter@392781e, org.springframework.security.web.authentication.logout.LogoutFilter@315c081, com.vae.configuration.spring.security.authentication.RestLoginAuthenticationFilter@54b2fc58, org.springframework.security.web.authentication.UsernamePasswordAuthenticationFilter@66e21568, org.springframework.security.web.savedrequest.RequestCacheAwareFilter@151732fb, org.springframework.security.web.servletapi.SecurityContextHolderAwareRequestFilter@7f42e06e, org.springframework.security.web.authentication.AnonymousAuthenticationFilter@3fcbc766, org.springframework.security.web.session.SessionManagementFilter@552cede7, org.springframework.security.web.access.ExceptionTranslationFilter@5c6a5192, com.vae.configuration.spring.security.authorization.RestAuthorizationFilter@1526f71, org.springframework.security.web.access.intercept.FilterSecurityInterceptor@40c06358]
2021-11-27 09:13:23.829  INFO 9180 --- [main] o.a.coyote.http11.Http11NioProtocol      : Starting ProtocolHandler ["http-nio-8000"]
2021-11-27 09:13:23.897  INFO 9180 --- [main] o.s.b.w.embedded.tomcat.TomcatWebServer  : Tomcat started on port(s): 8000 (http) with context path ''
2021-11-27 09:13:23.910  INFO 9180 --- [main] com.vae.Application                      : Started Application in 13.94 seconds (JVM running for 18.577)
2021-11-27 09:20:17.401  INFO 9180 --- [http-nio-8000-exec-1] o.a.c.c.C.[Tomcat].[localhost].[/]       : Initializing Spring DispatcherServlet 'dispatcherServlet'
2021-11-27 09:20:17.401  INFO 9180 --- [http-nio-8000-exec-1] o.s.web.servlet.DispatcherServlet        : Initializing Servlet 'dispatcherServlet'
2021-11-27 09:20:17.402  INFO 9180 --- [http-nio-8000-exec-1] o.s.web.servlet.DispatcherServlet        : Completed initialization in 1 ms
2021-11-27 09:20:17.660  INFO 9180 --- [http-nio-8000-exec-1] com.zaxxer.hikari.HikariDataSource       : HikariPool-1 - Starting...
2021-11-27 09:20:18.254  INFO 9180 --- [http-nio-8000-exec-1] com.zaxxer.hikari.HikariDataSource       : HikariPool-1 - Start completed.
2021-11-27 09:20:18.487 ERROR 9180 --- [http-nio-8000-exec-1] o.a.c.c.C.[.[.[/].[dispatcherServlet]    : Servlet.service() for servlet [dispatcherServlet] in context with path [] threw exception

org.springframework.jdbc.BadSqlGrammarException: 
### Error querying database.  Cause: java.sql.SQLSyntaxErrorException: Table 'springsecurity.authen_session_user' doesn't exist
### The error may exist in file [E:\PycharmProjects\demo\Demo7\sbt-sec-authen-author-session\target\classes\mapper\UserMapper.xml]
### The error may involve defaultParameterMap
### The error occurred while setting parameters
### SQL: select           id, user_uuid, user_name, password, real_name, age, sex, birth_day, user_level, phone,     role, status, image_path, create_time, modify_time, last_active_time, deleted, wx_open_id         from authen_session_user     where deleted=0  and user_name=? limit 1
### Cause: java.sql.SQLSyntaxErrorException: Table 'springsecurity.authen_session_user' doesn't exist
; bad SQL grammar []; nested exception is java.sql.SQLSyntaxErrorException: Table 'springsecurity.authen_session_user' doesn't exist
	at org.springframework.jdbc.support.SQLErrorCodeSQLExceptionTranslator.doTranslate(SQLErrorCodeSQLExceptionTranslator.java:239)
	at org.springframework.jdbc.support.AbstractFallbackSQLExceptionTranslator.translate(AbstractFallbackSQLExceptionTranslator.java:70)
	at org.mybatis.spring.MyBatisExceptionTranslator.translateExceptionIfPossible(MyBatisExceptionTranslator.java:88)
	at org.mybatis.spring.SqlSessionTemplate$SqlSessionInterceptor.invoke(SqlSessionTemplate.java:440)
	at com.sun.proxy.$Proxy61.selectOne(Unknown Source)
	at org.mybatis.spring.SqlSessionTemplate.selectOne(SqlSessionTemplate.java:159)
	at org.apache.ibatis.binding.MapperMethod.execute(MapperMethod.java:87)
	at org.apache.ibatis.binding.MapperProxy$PlainMethodInvoker.invoke(MapperProxy.java:152)
	at org.apache.ibatis.binding.MapperProxy.invoke(MapperProxy.java:85)
	at com.sun.proxy.$Proxy63.getUserByUserName(Unknown Source)
	at com.vae.service.impl.UserServiceImpl.getUserByUserName(UserServiceImpl.java:39)
	at com.vae.configuration.spring.security.authentication.RestAuthenticationProvider.authenticate(RestAuthenticationProvider.java:52)
	at org.springframework.security.authentication.ProviderManager.authenticate(ProviderManager.java:182)
	at org.springframework.security.config.annotation.web.configuration.WebSecurityConfigurerAdapter$AuthenticationManagerDelegator.authenticate(WebSecurityConfigurerAdapter.java:518)
	at com.vae.configuration.spring.security.authentication.RestLoginAuthenticationFilter.attemptAuthentication(RestLoginAuthenticationFilter.java:55)
	at org.springframework.security.web.authentication.AbstractAuthenticationProcessingFilter.doFilter(AbstractAuthenticationProcessingFilter.java:222)
	at org.springframework.security.web.authentication.AbstractAuthenticationProcessingFilter.doFilter(AbstractAuthenticationProcessingFilter.java:212)
	at org.springframework.security.web.FilterChainProxy$VirtualFilterChain.doFilter(FilterChainProxy.java:336)
	at org.springframework.security.web.authentication.logout.LogoutFilter.doFilter(LogoutFilter.java:103)
	at org.springframework.security.web.authentication.logout.LogoutFilter.doFilter(LogoutFilter.java:89)
	at org.springframework.security.web.FilterChainProxy$VirtualFilterChain.doFilter(FilterChainProxy.java:336)
	at org.springframework.web.filter.CorsFilter.doFilterInternal(CorsFilter.java:91)
	at org.springframework.web.filter.OncePerRequestFilter.doFilter(OncePerRequestFilter.java:119)
	at org.springframework.security.web.FilterChainProxy$VirtualFilterChain.doFilter(FilterChainProxy.java:336)
	at org.springframework.security.web.header.HeaderWriterFilter.doHeadersAfter(HeaderWriterFilter.java:90)
	at org.springframework.security.web.header.HeaderWriterFilter.doFilterInternal(HeaderWriterFilter.java:75)
	at org.springframework.web.filter.OncePerRequestFilter.doFilter(OncePerRequestFilter.java:119)
	at org.springframework.security.web.FilterChainProxy$VirtualFilterChain.doFilter(FilterChainProxy.java:336)
	at org.springframework.security.web.context.SecurityContextPersistenceFilter.doFilter(SecurityContextPersistenceFilter.java:110)
	at org.springframework.security.web.context.SecurityContextPersistenceFilter.doFilter(SecurityContextPersistenceFilter.java:80)
	at org.springframework.security.web.FilterChainProxy$VirtualFilterChain.doFilter(FilterChainProxy.java:336)
	at org.springframework.security.web.context.request.async.WebAsyncManagerIntegrationFilter.doFilterInternal(WebAsyncManagerIntegrationFilter.java:55)
	at org.springframework.web.filter.OncePerRequestFilter.doFilter(OncePerRequestFilter.java:119)
	at org.springframework.security.web.FilterChainProxy$VirtualFilterChain.doFilter(FilterChainProxy.java:336)
	at org.springframework.security.web.FilterChainProxy.doFilterInternal(FilterChainProxy.java:211)
	at org.springframework.security.web.FilterChainProxy.doFilter(FilterChainProxy.java:183)
	at org.springframework.web.filter.DelegatingFilterProxy.invokeDelegate(DelegatingFilterProxy.java:358)
	at org.springframework.web.filter.DelegatingFilterProxy.doFilter(DelegatingFilterProxy.java:271)
	at org.apache.catalina.core.ApplicationFilterChain.internalDoFilter(ApplicationFilterChain.java:190)
	at org.apache.catalina.core.ApplicationFilterChain.doFilter(ApplicationFilterChain.java:163)
	at org.springframework.web.filter.RequestContextFilter.doFilterInternal(RequestContextFilter.java:100)
	at org.springframework.web.filter.OncePerRequestFilter.doFilter(OncePerRequestFilter.java:119)
	at org.apache.catalina.core.ApplicationFilterChain.internalDoFilter(ApplicationFilterChain.java:190)
	at org.apache.catalina.core.ApplicationFilterChain.doFilter(ApplicationFilterChain.java:163)
	at org.springframework.web.filter.FormContentFilter.doFilterInternal(FormContentFilter.java:93)
	at org.springframework.web.filter.OncePerRequestFilter.doFilter(OncePerRequestFilter.java:119)
	at org.apache.catalina.core.ApplicationFilterChain.internalDoFilter(ApplicationFilterChain.java:190)
	at org.apache.catalina.core.ApplicationFilterChain.doFilter(ApplicationFilterChain.java:163)
	at org.springframework.web.filter.CharacterEncodingFilter.doFilterInternal(CharacterEncodingFilter.java:201)
	at org.springframework.web.filter.OncePerRequestFilter.doFilter(OncePerRequestFilter.java:119)
	at org.apache.catalina.core.ApplicationFilterChain.internalDoFilter(ApplicationFilterChain.java:190)
	at org.apache.catalina.core.ApplicationFilterChain.doFilter(ApplicationFilterChain.java:163)
	at org.apache.catalina.core.StandardWrapperValve.invoke(StandardWrapperValve.java:202)
	at org.apache.catalina.core.StandardContextValve.invoke(StandardContextValve.java:97)
	at org.apache.catalina.authenticator.AuthenticatorBase.invoke(AuthenticatorBase.java:542)
	at org.apache.catalina.core.StandardHostValve.invoke(StandardHostValve.java:143)
	at org.apache.catalina.valves.ErrorReportValve.invoke(ErrorReportValve.java:92)
	at org.apache.catalina.core.StandardEngineValve.invoke(StandardEngineValve.java:78)
	at org.apache.catalina.connector.CoyoteAdapter.service(CoyoteAdapter.java:357)
	at org.apache.coyote.http11.Http11Processor.service(Http11Processor.java:382)
	at org.apache.coyote.AbstractProcessorLight.process(AbstractProcessorLight.java:65)
	at org.apache.coyote.AbstractProtocol$ConnectionHandler.process(AbstractProtocol.java:893)
	at org.apache.tomcat.util.net.NioEndpoint$SocketProcessor.doRun(NioEndpoint.java:1723)
	at org.apache.tomcat.util.net.SocketProcessorBase.run(SocketProcessorBase.java:49)
	at java.util.concurrent.ThreadPoolExecutor.runWorker(ThreadPoolExecutor.java:1149)
	at java.util.concurrent.ThreadPoolExecutor$Worker.run(ThreadPoolExecutor.java:624)
	at org.apache.tomcat.util.threads.TaskThread$WrappingRunnable.run(TaskThread.java:61)
	at java.lang.Thread.run(Thread.java:748)
Caused by: java.sql.SQLSyntaxErrorException: Table 'springsecurity.authen_session_user' doesn't exist
	at com.mysql.cj.jdbc.exceptions.SQLError.createSQLException(SQLError.java:120)
	at com.mysql.cj.jdbc.exceptions.SQLError.createSQLException(SQLError.java:97)
	at com.mysql.cj.jdbc.exceptions.SQLExceptionsMapping.translateException(SQLExceptionsMapping.java:122)
	at com.mysql.cj.jdbc.ClientPreparedStatement.executeInternal(ClientPreparedStatement.java:953)
	at com.mysql.cj.jdbc.ClientPreparedStatement.execute(ClientPreparedStatement.java:370)
	at com.zaxxer.hikari.pool.ProxyPreparedStatement.execute(ProxyPreparedStatement.java:44)
	at com.zaxxer.hikari.pool.HikariProxyPreparedStatement.execute(HikariProxyPreparedStatement.java)
	at org.apache.ibatis.executor.statement.PreparedStatementHandler.query(PreparedStatementHandler.java:64)
	at org.apache.ibatis.executor.statement.RoutingStatementHandler.query(RoutingStatementHandler.java:79)
	at org.apache.ibatis.executor.SimpleExecutor.doQuery(SimpleExecutor.java:63)
	at org.apache.ibatis.executor.BaseExecutor.queryFromDatabase(BaseExecutor.java:325)
	at org.apache.ibatis.executor.BaseExecutor.query(BaseExecutor.java:156)
	at org.apache.ibatis.executor.CachingExecutor.query(CachingExecutor.java:109)
	at com.github.pagehelper.PageInterceptor.intercept(PageInterceptor.java:111)
	at org.apache.ibatis.plugin.Plugin.invoke(Plugin.java:61)
	at com.sun.proxy.$Proxy77.query(Unknown Source)
	at org.apache.ibatis.session.defaults.DefaultSqlSession.selectList(DefaultSqlSession.java:147)
	at org.apache.ibatis.session.defaults.DefaultSqlSession.selectList(DefaultSqlSession.java:140)
	at org.apache.ibatis.session.defaults.DefaultSqlSession.selectOne(DefaultSqlSession.java:76)
	at sun.reflect.NativeMethodAccessorImpl.invoke0(Native Method)
	at sun.reflect.NativeMethodAccessorImpl.invoke(NativeMethodAccessorImpl.java:62)
	at sun.reflect.DelegatingMethodAccessorImpl.invoke(DelegatingMethodAccessorImpl.java:43)
	at java.lang.reflect.Method.invoke(Method.java:498)
	at org.mybatis.spring.SqlSessionTemplate$SqlSessionInterceptor.invoke(SqlSessionTemplate.java:426)
	... 64 common frames omitted

2021-11-27 09:23:41.696  INFO 9180 --- [SpringApplicationShutdownHook] com.zaxxer.hikari.HikariDataSource       : HikariPool-1 - Shutdown initiated...
2021-11-27 09:23:41.719  INFO 9180 --- [SpringApplicationShutdownHook] com.zaxxer.hikari.HikariDataSource       : HikariPool-1 - Shutdown completed.
2021-11-27 09:23:46.179  INFO 4816 --- [main] com.vae.Application                      : Starting Application using Java 1.8.0_281 on SKY-20210218KET with PID 4816 (E:\PycharmProjects\demo\Demo7\sbt-sec-authen-author-session\target\classes started by Administrator in E:\PycharmProjects\demo\Demo7\sbt-sec-authen-author-session)
2021-11-27 09:23:46.182  INFO 4816 --- [main] com.vae.Application                      : The following profiles are active: dev
2021-11-27 09:23:47.406  INFO 4816 --- [main] o.s.b.w.embedded.tomcat.TomcatWebServer  : Tomcat initialized with port(s): 8000 (http)
2021-11-27 09:23:47.415  INFO 4816 --- [main] o.a.coyote.http11.Http11NioProtocol      : Initializing ProtocolHandler ["http-nio-8000"]
2021-11-27 09:23:47.416  INFO 4816 --- [main] o.apache.catalina.core.StandardService   : Starting service [Tomcat]
2021-11-27 09:23:47.416  INFO 4816 --- [main] org.apache.catalina.core.StandardEngine  : Starting Servlet engine: [Apache Tomcat/9.0.50]
2021-11-27 09:23:47.514  INFO 4816 --- [main] o.a.c.c.C.[Tomcat].[localhost].[/]       : Initializing Spring embedded WebApplicationContext
2021-11-27 09:23:47.515  INFO 4816 --- [main] w.s.c.ServletWebServerApplicationContext : Root WebApplicationContext: initialization completed in 1283 ms
2021-11-27 09:23:47.937  WARN 4816 --- [main] c.v.c.s.s.a.RestAuthorizationFilter      : Could not validate configuration attributes as the SecurityMetadataSource did not return any attributes from getAllConfigAttributes()
2021-11-27 09:23:48.169  INFO 4816 --- [main] o.s.s.web.DefaultSecurityFilterChain     : Will secure any request with [org.springframework.security.web.context.request.async.WebAsyncManagerIntegrationFilter@32256e68, org.springframework.security.web.context.SecurityContextPersistenceFilter@d3e3085, org.springframework.security.web.header.HeaderWriterFilter@5e9bbd9d, org.springframework.web.filter.CorsFilter@5e7abaf7, org.springframework.security.web.authentication.logout.LogoutFilter@50b46e24, com.vae.configuration.spring.security.authentication.RestLoginAuthenticationFilter@3fc7c734, org.springframework.security.web.authentication.UsernamePasswordAuthenticationFilter@4c531172, org.springframework.security.web.savedrequest.RequestCacheAwareFilter@2ba42204, org.springframework.security.web.servletapi.SecurityContextHolderAwareRequestFilter@40bf4386, org.springframework.security.web.authentication.AnonymousAuthenticationFilter@353f472a, org.springframework.security.web.session.SessionManagementFilter@4b87074a, org.springframework.security.web.access.ExceptionTranslationFilter@2180e789, com.vae.configuration.spring.security.authorization.RestAuthorizationFilter@62765aec, org.springframework.security.web.access.intercept.FilterSecurityInterceptor@6f1c3f18]
2021-11-27 09:23:48.501  INFO 4816 --- [main] o.a.coyote.http11.Http11NioProtocol      : Starting ProtocolHandler ["http-nio-8000"]
2021-11-27 09:23:48.518  INFO 4816 --- [main] o.s.b.w.embedded.tomcat.TomcatWebServer  : Tomcat started on port(s): 8000 (http) with context path ''
2021-11-27 09:23:48.530  INFO 4816 --- [main] com.vae.Application                      : Started Application in 3.138 seconds (JVM running for 4.17)
2021-11-27 09:24:44.073  INFO 4816 --- [http-nio-8000-exec-1] o.a.c.c.C.[Tomcat].[localhost].[/]       : Initializing Spring DispatcherServlet 'dispatcherServlet'
2021-11-27 09:24:44.073  INFO 4816 --- [http-nio-8000-exec-1] o.s.web.servlet.DispatcherServlet        : Initializing Servlet 'dispatcherServlet'
2021-11-27 09:24:44.075  INFO 4816 --- [http-nio-8000-exec-1] o.s.web.servlet.DispatcherServlet        : Completed initialization in 1 ms
2021-11-27 09:24:44.174  INFO 4816 --- [http-nio-8000-exec-1] com.zaxxer.hikari.HikariDataSource       : HikariPool-1 - Starting...
2021-11-27 09:24:44.303  INFO 4816 --- [http-nio-8000-exec-1] com.zaxxer.hikari.HikariDataSource       : HikariPool-1 - Start completed.
2021-11-27 09:27:49.577  WARN 4816 --- [HikariPool-1 housekeeper] com.zaxxer.hikari.pool.HikariPool        : HikariPool-1 - Thread starvation or clock leap detected (housekeeper delta=2m4s576ms878µs881ns).
2021-11-27 09:30:17.144  WARN 4816 --- [HikariPool-1 housekeeper] com.zaxxer.hikari.pool.HikariPool        : HikariPool-1 - Thread starvation or clock leap detected (housekeeper delta=57s558ms876µs586ns).
2021-11-27 09:31:46.543  WARN 4816 --- [HikariPool-1 housekeeper] com.zaxxer.hikari.pool.HikariPool        : HikariPool-1 - Thread starvation or clock leap detected (housekeeper delta=1m29s395ms791µs254ns).
2021-11-27 09:40:54.705  WARN 4816 --- [HikariPool-1 housekeeper] com.zaxxer.hikari.pool.HikariPool        : HikariPool-1 - Thread starvation or clock leap detected (housekeeper delta=8m3s269ms824µs523ns).
2021-11-27 09:42:01.589  WARN 4816 --- [HikariPool-1 housekeeper] com.zaxxer.hikari.pool.HikariPool        : HikariPool-1 - Thread starvation or clock leap detected (housekeeper delta=1m6s881ms360µs915ns).
2021-11-27 09:42:01.666  INFO 4816 --- [SpringApplicationShutdownHook] com.zaxxer.hikari.HikariDataSource       : HikariPool-1 - Shutdown initiated...
2021-11-27 09:42:01.673  INFO 4816 --- [SpringApplicationShutdownHook] com.zaxxer.hikari.HikariDataSource       : HikariPool-1 - Shutdown completed.
2021-11-27 09:52:06.536  INFO 6056 --- [main] com.vae.Application                      : Starting Application using Java 1.8.0_281 on SKY-20210218KET with PID 6056 (E:\PycharmProjects\demo\Demo7\sbt-sec-authen-author-session\target\classes started by Administrator in E:\PycharmProjects\demo\Demo7\sbt-sec-authen-author-session)
2021-11-27 09:52:06.539  INFO 6056 --- [main] com.vae.Application                      : The following profiles are active: dev
2021-11-27 09:52:07.897  INFO 6056 --- [main] o.s.b.w.embedded.tomcat.TomcatWebServer  : Tomcat initialized with port(s): 8000 (http)
2021-11-27 09:52:07.907  INFO 6056 --- [main] o.a.coyote.http11.Http11NioProtocol      : Initializing ProtocolHandler ["http-nio-8000"]
2021-11-27 09:52:07.907  INFO 6056 --- [main] o.apache.catalina.core.StandardService   : Starting service [Tomcat]
2021-11-27 09:52:07.908  INFO 6056 --- [main] org.apache.catalina.core.StandardEngine  : Starting Servlet engine: [Apache Tomcat/9.0.50]
2021-11-27 09:52:08.014  INFO 6056 --- [main] o.a.c.c.C.[Tomcat].[localhost].[/]       : Initializing Spring embedded WebApplicationContext
2021-11-27 09:52:08.014  INFO 6056 --- [main] w.s.c.ServletWebServerApplicationContext : Root WebApplicationContext: initialization completed in 1412 ms
2021-11-27 09:52:08.466  WARN 6056 --- [main] c.v.c.s.s.a.RestAuthorizationFilter      : Could not validate configuration attributes as the SecurityMetadataSource did not return any attributes from getAllConfigAttributes()
2021-11-27 09:52:08.699  INFO 6056 --- [main] o.s.s.web.DefaultSecurityFilterChain     : Will secure any request with [org.springframework.security.web.context.request.async.WebAsyncManagerIntegrationFilter@125d47c4, org.springframework.security.web.context.SecurityContextPersistenceFilter@47b269c4, org.springframework.security.web.header.HeaderWriterFilter@b791a81, org.springframework.web.filter.CorsFilter@193bb809, org.springframework.security.web.authentication.logout.LogoutFilter@72443081, com.vae.configuration.spring.security.authentication.RestLoginAuthenticationFilter@6968c1d6, org.springframework.security.web.authentication.UsernamePasswordAuthenticationFilter@7d4d8579, org.springframework.security.web.savedrequest.RequestCacheAwareFilter@71e7adbb, org.springframework.security.web.servletapi.SecurityContextHolderAwareRequestFilter@4451f60c, org.springframework.security.web.authentication.AnonymousAuthenticationFilter@64b018f3, org.springframework.security.web.session.SessionManagementFilter@4391a2d8, org.springframework.security.web.access.ExceptionTranslationFilter@629a9f26, com.vae.configuration.spring.security.authorization.RestAuthorizationFilter@45900b64, org.springframework.security.web.access.intercept.FilterSecurityInterceptor@f171912]
2021-11-27 09:52:09.041  INFO 6056 --- [main] o.a.coyote.http11.Http11NioProtocol      : Starting ProtocolHandler ["http-nio-8000"]
2021-11-27 09:52:09.059  INFO 6056 --- [main] o.s.b.w.embedded.tomcat.TomcatWebServer  : Tomcat started on port(s): 8000 (http) with context path ''
2021-11-27 09:52:09.071  INFO 6056 --- [main] com.vae.Application                      : Started Application in 3.259 seconds (JVM running for 4.265)
2021-11-27 09:52:18.089  INFO 6056 --- [http-nio-8000-exec-1] o.a.c.c.C.[Tomcat].[localhost].[/]       : Initializing Spring DispatcherServlet 'dispatcherServlet'
2021-11-27 09:52:18.089  INFO 6056 --- [http-nio-8000-exec-1] o.s.web.servlet.DispatcherServlet        : Initializing Servlet 'dispatcherServlet'
2021-11-27 09:52:18.090  INFO 6056 --- [http-nio-8000-exec-1] o.s.web.servlet.DispatcherServlet        : Completed initialization in 1 ms
2021-11-27 09:52:22.602  INFO 6056 --- [http-nio-8000-exec-1] com.zaxxer.hikari.HikariDataSource       : HikariPool-1 - Starting...
2021-11-27 09:52:22.732  INFO 6056 --- [http-nio-8000-exec-1] com.zaxxer.hikari.HikariDataSource       : HikariPool-1 - Start completed.
2021-11-27 09:56:16.057  WARN 6056 --- [HikariPool-1 housekeeper] com.zaxxer.hikari.pool.HikariPool        : HikariPool-1 - Thread starvation or clock leap detected (housekeeper delta=3m18s671ms420µs224ns).
2021-11-27 09:56:16.136  INFO 6056 --- [SpringApplicationShutdownHook] com.zaxxer.hikari.HikariDataSource       : HikariPool-1 - Shutdown initiated...
2021-11-27 09:56:16.143  INFO 6056 --- [SpringApplicationShutdownHook] com.zaxxer.hikari.HikariDataSource       : HikariPool-1 - Shutdown completed.
2021-11-27 09:56:21.201  INFO 6116 --- [main] com.vae.Application                      : Starting Application using Java 1.8.0_281 on SKY-20210218KET with PID 6116 (E:\PycharmProjects\demo\Demo7\sbt-sec-authen-author-session\target\classes started by Administrator in E:\PycharmProjects\demo\Demo7\sbt-sec-authen-author-session)
2021-11-27 09:56:21.204  INFO 6116 --- [main] com.vae.Application                      : The following profiles are active: dev
2021-11-27 09:56:22.415  INFO 6116 --- [main] o.s.b.w.embedded.tomcat.TomcatWebServer  : Tomcat initialized with port(s): 8000 (http)
2021-11-27 09:56:22.424  INFO 6116 --- [main] o.a.coyote.http11.Http11NioProtocol      : Initializing ProtocolHandler ["http-nio-8000"]
2021-11-27 09:56:22.425  INFO 6116 --- [main] o.apache.catalina.core.StandardService   : Starting service [Tomcat]
2021-11-27 09:56:22.426  INFO 6116 --- [main] org.apache.catalina.core.StandardEngine  : Starting Servlet engine: [Apache Tomcat/9.0.50]
2021-11-27 09:56:22.515  INFO 6116 --- [main] o.a.c.c.C.[Tomcat].[localhost].[/]       : Initializing Spring embedded WebApplicationContext
2021-11-27 09:56:22.515  INFO 6116 --- [main] w.s.c.ServletWebServerApplicationContext : Root WebApplicationContext: initialization completed in 1260 ms
2021-11-27 09:56:22.937  WARN 6116 --- [main] c.v.c.s.s.a.RestAuthorizationFilter      : Could not validate configuration attributes as the SecurityMetadataSource did not return any attributes from getAllConfigAttributes()
2021-11-27 09:56:23.180  INFO 6116 --- [main] o.s.s.web.DefaultSecurityFilterChain     : Will secure any request with [org.springframework.security.web.context.request.async.WebAsyncManagerIntegrationFilter@1e12a5a6, org.springframework.security.web.context.SecurityContextPersistenceFilter@1af4955e, org.springframework.security.web.header.HeaderWriterFilter@7573b9ee, org.springframework.web.filter.CorsFilter@4877919f, org.springframework.security.web.authentication.logout.LogoutFilter@160b4809, com.vae.configuration.spring.security.authentication.RestLoginAuthenticationFilter@2d119405, org.springframework.security.web.authentication.UsernamePasswordAuthenticationFilter@733fb462, org.springframework.security.web.savedrequest.RequestCacheAwareFilter@445821a6, org.springframework.security.web.servletapi.SecurityContextHolderAwareRequestFilter@543d5863, org.springframework.security.web.authentication.AnonymousAuthenticationFilter@47a7c93e, org.springframework.security.web.session.SessionManagementFilter@9a20cbd, org.springframework.security.web.access.ExceptionTranslationFilter@309dcdf3, com.vae.configuration.spring.security.authorization.RestAuthorizationFilter@c889805, org.springframework.security.web.access.intercept.FilterSecurityInterceptor@661d6bb6]
2021-11-27 09:56:23.535  INFO 6116 --- [main] o.a.coyote.http11.Http11NioProtocol      : Starting ProtocolHandler ["http-nio-8000"]
2021-11-27 09:56:23.552  INFO 6116 --- [main] o.s.b.w.embedded.tomcat.TomcatWebServer  : Tomcat started on port(s): 8000 (http) with context path ''
2021-11-27 09:56:23.564  INFO 6116 --- [main] com.vae.Application                      : Started Application in 3.115 seconds (JVM running for 4.214)
2021-11-27 10:03:10.638  INFO 6116 --- [http-nio-8000-exec-1] o.a.c.c.C.[Tomcat].[localhost].[/]       : Initializing Spring DispatcherServlet 'dispatcherServlet'
2021-11-27 10:03:10.638  INFO 6116 --- [http-nio-8000-exec-1] o.s.web.servlet.DispatcherServlet        : Initializing Servlet 'dispatcherServlet'
2021-11-27 10:03:10.640  INFO 6116 --- [http-nio-8000-exec-1] o.s.web.servlet.DispatcherServlet        : Completed initialization in 2 ms
2021-11-27 10:03:20.655  INFO 6116 --- [http-nio-8000-exec-1] com.zaxxer.hikari.HikariDataSource       : HikariPool-1 - Starting...
2021-11-27 10:03:21.140  INFO 6116 --- [http-nio-8000-exec-1] com.zaxxer.hikari.HikariDataSource       : HikariPool-1 - Start completed.
2021-11-27 10:13:45.634  WARN 6116 --- [HikariPool-1 housekeeper] com.zaxxer.hikari.pool.HikariPool        : HikariPool-1 - Thread starvation or clock leap detected (housekeeper delta=53s169ms704µs183ns).
2021-11-27 10:20:18.137  WARN 6116 --- [HikariPool-1 housekeeper] com.zaxxer.hikari.pool.HikariPool        : HikariPool-1 - Thread starvation or clock leap detected (housekeeper delta=55s290ms919µs234ns).
2021-11-27 10:24:49.157  WARN 6116 --- [HikariPool-1 housekeeper] com.zaxxer.hikari.pool.HikariPool        : HikariPool-1 - Thread starvation or clock leap detected (housekeeper delta=3m58s907ms589µs348ns).
2021-11-27 10:24:49.228  INFO 6116 --- [SpringApplicationShutdownHook] com.zaxxer.hikari.HikariDataSource       : HikariPool-1 - Shutdown initiated...
2021-11-27 10:24:49.237  INFO 6116 --- [SpringApplicationShutdownHook] com.zaxxer.hikari.HikariDataSource       : HikariPool-1 - Shutdown completed.
2021-11-27 10:40:31.907  INFO 7808 --- [main] com.vae.Application                      : Starting Application using Java 1.8.0_281 on SKY-20210218KET with PID 7808 (E:\PycharmProjects\demo\Demo7\sbt-sec-authen-author-session\target\classes started by Administrator in E:\PycharmProjects\demo\Demo7\sbt-sec-authen-author-session)
2021-11-27 10:40:31.910  INFO 7808 --- [main] com.vae.Application                      : The following profiles are active: dev
2021-11-27 10:40:33.368  INFO 7808 --- [main] o.s.b.w.embedded.tomcat.TomcatWebServer  : Tomcat initialized with port(s): 8000 (http)
2021-11-27 10:40:33.380  INFO 7808 --- [main] o.a.coyote.http11.Http11NioProtocol      : Initializing ProtocolHandler ["http-nio-8000"]
2021-11-27 10:40:33.381  INFO 7808 --- [main] o.apache.catalina.core.StandardService   : Starting service [Tomcat]
2021-11-27 10:40:33.381  INFO 7808 --- [main] org.apache.catalina.core.StandardEngine  : Starting Servlet engine: [Apache Tomcat/9.0.50]
2021-11-27 10:40:33.489  INFO 7808 --- [main] o.a.c.c.C.[Tomcat].[localhost].[/]       : Initializing Spring embedded WebApplicationContext
2021-11-27 10:40:33.490  INFO 7808 --- [main] w.s.c.ServletWebServerApplicationContext : Root WebApplicationContext: initialization completed in 1523 ms
2021-11-27 10:40:34.062  WARN 7808 --- [main] c.v.c.s.s.a.RestAuthorizationFilter      : Could not validate configuration attributes as the SecurityMetadataSource did not return any attributes from getAllConfigAttributes()
2021-11-27 10:40:34.350  INFO 7808 --- [main] o.s.s.web.DefaultSecurityFilterChain     : Will secure any request with [org.springframework.security.web.context.request.async.WebAsyncManagerIntegrationFilter@10a18e3e, org.springframework.security.web.context.SecurityContextPersistenceFilter@ee21292, org.springframework.security.web.header.HeaderWriterFilter@35d26ad2, org.springframework.web.filter.CorsFilter@69364b2d, org.springframework.security.web.authentication.logout.LogoutFilter@4f281aaf, com.vae.configuration.spring.security.authentication.RestLoginAuthenticationFilter@2d0b05, org.springframework.security.web.authentication.UsernamePasswordAuthenticationFilter@245253d8, org.springframework.security.web.savedrequest.RequestCacheAwareFilter@40c06358, org.springframework.security.web.servletapi.SecurityContextHolderAwareRequestFilter@40ce9049, org.springframework.security.web.authentication.AnonymousAuthenticationFilter@53aa2fc9, org.springframework.security.web.session.SessionManagementFilter@bb25753, org.springframework.security.web.access.ExceptionTranslationFilter@2c0c4c0a, com.vae.configuration.spring.security.authorization.RestAuthorizationFilter@6bedd4e4, org.springframework.security.web.access.intercept.FilterSecurityInterceptor@364fd4ae]
2021-11-27 10:40:34.728  INFO 7808 --- [main] o.a.coyote.http11.Http11NioProtocol      : Starting ProtocolHandler ["http-nio-8000"]
2021-11-27 10:40:34.748  INFO 7808 --- [main] o.s.b.w.embedded.tomcat.TomcatWebServer  : Tomcat started on port(s): 8000 (http) with context path ''
2021-11-27 10:40:34.761  INFO 7808 --- [main] com.vae.Application                      : Started Application in 3.599 seconds (JVM running for 4.562)
2021-11-27 11:00:32.620  INFO 7808 --- [http-nio-8000-exec-1] o.a.c.c.C.[Tomcat].[localhost].[/]       : Initializing Spring DispatcherServlet 'dispatcherServlet'
2021-11-27 11:00:32.620  INFO 7808 --- [http-nio-8000-exec-1] o.s.web.servlet.DispatcherServlet        : Initializing Servlet 'dispatcherServlet'
2021-11-27 11:00:32.621  INFO 7808 --- [http-nio-8000-exec-1] o.s.web.servlet.DispatcherServlet        : Completed initialization in 1 ms
2021-11-27 11:00:32.720  INFO 7808 --- [http-nio-8000-exec-1] com.zaxxer.hikari.HikariDataSource       : HikariPool-1 - Starting...
2021-11-27 11:00:32.848  INFO 7808 --- [http-nio-8000-exec-1] com.zaxxer.hikari.HikariDataSource       : HikariPool-1 - Start completed.
2021-11-27 11:01:49.022  WARN 7808 --- [HikariPool-1 housekeeper] com.zaxxer.hikari.pool.HikariPool        : HikariPool-1 - Thread starvation or clock leap detected (housekeeper delta=46s68ms323µs504ns).
2021-11-27 11:08:57.880  WARN 7808 --- [HikariPool-1 housekeeper] com.zaxxer.hikari.pool.HikariPool        : HikariPool-1 - Thread starvation or clock leap detected (housekeeper delta=7m8s839ms265µs182ns).
2021-11-27 11:12:14.625  WARN 7808 --- [HikariPool-1 housekeeper] com.zaxxer.hikari.pool.HikariPool        : HikariPool-1 - Thread starvation or clock leap detected (housekeeper delta=1m207ms219µs60ns).
2021-11-27 11:14:53.509  WARN 7808 --- [HikariPool-1 housekeeper] com.zaxxer.hikari.pool.HikariPool        : HikariPool-1 - Thread starvation or clock leap detected (housekeeper delta=1m29s540ms440µs274ns).
2021-11-27 11:21:05.060  WARN 7808 --- [HikariPool-1 housekeeper] com.zaxxer.hikari.pool.HikariPool        : HikariPool-1 - Thread starvation or clock leap detected (housekeeper delta=6m11s534ms884µs453ns).
2021-11-27 11:22:43.894  WARN 7808 --- [HikariPool-1 housekeeper] com.zaxxer.hikari.pool.HikariPool        : HikariPool-1 - Thread starvation or clock leap detected (housekeeper delta=1m38s828ms961µs321ns).
2021-11-27 11:28:27.112  WARN 7808 --- [HikariPool-1 housekeeper] com.zaxxer.hikari.pool.HikariPool        : HikariPool-1 - Thread starvation or clock leap detected (housekeeper delta=1m34s279ms799µs643ns).
2021-11-27 11:28:27.190  INFO 7808 --- [SpringApplicationShutdownHook] com.zaxxer.hikari.HikariDataSource       : HikariPool-1 - Shutdown initiated...
2021-11-27 11:28:27.198  INFO 7808 --- [SpringApplicationShutdownHook] com.zaxxer.hikari.HikariDataSource       : HikariPool-1 - Shutdown completed.
2021-11-27 11:28:36.603  INFO 7244 --- [main] com.vae.Application                      : Starting Application using Java 1.8.0_281 on SKY-20210218KET with PID 7244 (E:\PycharmProjects\demo\Demo7\sbt-sec-authen-author-session\target\classes started by Administrator in E:\PycharmProjects\demo\Demo7\sbt-sec-authen-author-session)
2021-11-27 11:28:36.606  INFO 7244 --- [main] com.vae.Application                      : The following profiles are active: dev
2021-11-27 11:28:37.934  INFO 7244 --- [main] o.s.b.w.embedded.tomcat.TomcatWebServer  : Tomcat initialized with port(s): 8000 (http)
2021-11-27 11:28:37.946  INFO 7244 --- [main] o.a.coyote.http11.Http11NioProtocol      : Initializing ProtocolHandler ["http-nio-8000"]
2021-11-27 11:28:37.947  INFO 7244 --- [main] o.apache.catalina.core.StandardService   : Starting service [Tomcat]
2021-11-27 11:28:37.947  INFO 7244 --- [main] org.apache.catalina.core.StandardEngine  : Starting Servlet engine: [Apache Tomcat/9.0.50]
2021-11-27 11:28:38.047  INFO 7244 --- [main] o.a.c.c.C.[Tomcat].[localhost].[/]       : Initializing Spring embedded WebApplicationContext
2021-11-27 11:28:38.047  INFO 7244 --- [main] w.s.c.ServletWebServerApplicationContext : Root WebApplicationContext: initialization completed in 1383 ms
2021-11-27 11:28:38.485  WARN 7244 --- [main] c.v.c.s.s.a.RestAuthorizationFilter      : Could not validate configuration attributes as the SecurityMetadataSource did not return any attributes from getAllConfigAttributes()
2021-11-27 11:28:38.716  INFO 7244 --- [main] o.s.s.web.DefaultSecurityFilterChain     : Will secure any request with [org.springframework.security.web.context.request.async.WebAsyncManagerIntegrationFilter@2a4f8009, org.springframework.security.web.context.SecurityContextPersistenceFilter@3421debd, org.springframework.security.web.header.HeaderWriterFilter@1f66d8e1, org.springframework.web.filter.CorsFilter@a85644c, org.springframework.security.web.authentication.logout.LogoutFilter@319642db, com.vae.configuration.spring.security.authentication.RestLoginAuthenticationFilter@f0a66bd, org.springframework.security.web.authentication.UsernamePasswordAuthenticationFilter@251c4280, org.springframework.security.web.savedrequest.RequestCacheAwareFilter@41bfa9e9, org.springframework.security.web.servletapi.SecurityContextHolderAwareRequestFilter@519c6fcc, org.springframework.security.web.authentication.AnonymousAuthenticationFilter@8054fe2, org.springframework.security.web.session.SessionManagementFilter@721d5b74, org.springframework.security.web.access.ExceptionTranslationFilter@1bbddada, com.vae.configuration.spring.security.authorization.RestAuthorizationFilter@6f5bd362, org.springframework.security.web.access.intercept.FilterSecurityInterceptor@2ed9f6f8]
2021-11-27 11:28:39.064  INFO 7244 --- [main] o.a.coyote.http11.Http11NioProtocol      : Starting ProtocolHandler ["http-nio-8000"]
2021-11-27 11:28:39.085  INFO 7244 --- [main] o.s.b.w.embedded.tomcat.TomcatWebServer  : Tomcat started on port(s): 8000 (http) with context path ''
2021-11-27 11:28:39.097  INFO 7244 --- [main] com.vae.Application                      : Started Application in 3.276 seconds (JVM running for 4.065)
2021-11-27 11:31:11.221  INFO 7244 --- [http-nio-8000-exec-1] o.a.c.c.C.[Tomcat].[localhost].[/]       : Initializing Spring DispatcherServlet 'dispatcherServlet'
2021-11-27 11:31:11.222  INFO 7244 --- [http-nio-8000-exec-1] o.s.web.servlet.DispatcherServlet        : Initializing Servlet 'dispatcherServlet'
2021-11-27 11:31:11.223  INFO 7244 --- [http-nio-8000-exec-1] o.s.web.servlet.DispatcherServlet        : Completed initialization in 1 ms
2021-11-27 11:31:12.658  INFO 7244 --- [http-nio-8000-exec-1] com.zaxxer.hikari.HikariDataSource       : HikariPool-1 - Starting...
2021-11-27 11:31:12.786  INFO 7244 --- [http-nio-8000-exec-1] com.zaxxer.hikari.HikariDataSource       : HikariPool-1 - Start completed.
2021-11-27 11:37:19.651  WARN 7244 --- [HikariPool-1 housekeeper] com.zaxxer.hikari.pool.HikariPool        : HikariPool-1 - Thread starvation or clock leap detected (housekeeper delta=2m6s245ms44µs800ns).
2021-11-27 11:37:19.833  INFO 7244 --- [SpringApplicationShutdownHook] com.zaxxer.hikari.HikariDataSource       : HikariPool-1 - Shutdown initiated...
2021-11-27 11:37:19.842  INFO 7244 --- [SpringApplicationShutdownHook] com.zaxxer.hikari.HikariDataSource       : HikariPool-1 - Shutdown completed.
2021-11-27 11:37:25.559  INFO 10676 --- [main] com.vae.Application                      : Starting Application using Java 1.8.0_281 on SKY-20210218KET with PID 10676 (E:\PycharmProjects\demo\Demo7\sbt-sec-authen-author-session\target\classes started by Administrator in E:\PycharmProjects\demo\Demo7\sbt-sec-authen-author-session)
2021-11-27 11:37:25.562  INFO 10676 --- [main] com.vae.Application                      : The following profiles are active: dev
2021-11-27 11:37:27.101  INFO 10676 --- [main] o.s.b.w.embedded.tomcat.TomcatWebServer  : Tomcat initialized with port(s): 8000 (http)
2021-11-27 11:37:27.111  INFO 10676 --- [main] o.a.coyote.http11.Http11NioProtocol      : Initializing ProtocolHandler ["http-nio-8000"]
2021-11-27 11:37:27.112  INFO 10676 --- [main] o.apache.catalina.core.StandardService   : Starting service [Tomcat]
2021-11-27 11:37:27.112  INFO 10676 --- [main] org.apache.catalina.core.StandardEngine  : Starting Servlet engine: [Apache Tomcat/9.0.50]
2021-11-27 11:37:27.203  INFO 10676 --- [main] o.a.c.c.C.[Tomcat].[localhost].[/]       : Initializing Spring embedded WebApplicationContext
2021-11-27 11:37:27.203  INFO 10676 --- [main] w.s.c.ServletWebServerApplicationContext : Root WebApplicationContext: initialization completed in 1479 ms
2021-11-27 11:37:27.625  WARN 10676 --- [main] c.v.c.s.s.a.RestAuthorizationFilter      : Could not validate configuration attributes as the SecurityMetadataSource did not return any attributes from getAllConfigAttributes()
2021-11-27 11:37:27.858  INFO 10676 --- [main] o.s.s.web.DefaultSecurityFilterChain     : Will secure any request with [org.springframework.security.web.context.request.async.WebAsyncManagerIntegrationFilter@747835f5, org.springframework.security.web.context.SecurityContextPersistenceFilter@bb25753, org.springframework.security.web.header.HeaderWriterFilter@2c0c4c0a, org.springframework.web.filter.CorsFilter@594131f2, org.springframework.security.web.authentication.logout.LogoutFilter@114a5e0, com.vae.configuration.spring.security.authentication.RestLoginAuthenticationFilter@4091b9c3, org.springframework.security.web.authentication.UsernamePasswordAuthenticationFilter@525b1b70, org.springframework.security.web.savedrequest.RequestCacheAwareFilter@ee21292, org.springframework.security.web.servletapi.SecurityContextHolderAwareRequestFilter@3a1f2a1, org.springframework.security.web.authentication.AnonymousAuthenticationFilter@51d0ec6f, org.springframework.security.web.session.SessionManagementFilter@35d26ad2, org.springframework.security.web.access.ExceptionTranslationFilter@445821a6, com.vae.configuration.spring.security.authorization.RestAuthorizationFilter@321ca237, org.springframework.security.web.access.intercept.FilterSecurityInterceptor@37a9b687]
2021-11-27 11:37:28.205  INFO 10676 --- [main] o.a.coyote.http11.Http11NioProtocol      : Starting ProtocolHandler ["http-nio-8000"]
2021-11-27 11:37:28.222  INFO 10676 --- [main] o.s.b.w.embedded.tomcat.TomcatWebServer  : Tomcat started on port(s): 8000 (http) with context path ''
2021-11-27 11:37:28.234  INFO 10676 --- [main] com.vae.Application                      : Started Application in 3.346 seconds (JVM running for 4.111)
2021-11-27 11:44:25.984  INFO 10676 --- [http-nio-8000-exec-1] o.a.c.c.C.[Tomcat].[localhost].[/]       : Initializing Spring DispatcherServlet 'dispatcherServlet'
2021-11-27 11:44:25.985  INFO 10676 --- [http-nio-8000-exec-1] o.s.web.servlet.DispatcherServlet        : Initializing Servlet 'dispatcherServlet'
2021-11-27 11:44:25.986  INFO 10676 --- [http-nio-8000-exec-1] o.s.web.servlet.DispatcherServlet        : Completed initialization in 1 ms
2021-11-27 11:44:26.087  INFO 10676 --- [http-nio-8000-exec-1] com.zaxxer.hikari.HikariDataSource       : HikariPool-1 - Starting...
2021-11-27 11:44:26.218  INFO 10676 --- [http-nio-8000-exec-1] com.zaxxer.hikari.HikariDataSource       : HikariPool-1 - Start completed.
2021-11-27 11:44:46.700  INFO 10676 --- [SpringApplicationShutdownHook] com.zaxxer.hikari.HikariDataSource       : HikariPool-1 - Shutdown initiated...
2021-11-27 11:44:46.713  INFO 10676 --- [SpringApplicationShutdownHook] com.zaxxer.hikari.HikariDataSource       : HikariPool-1 - Shutdown completed.
2021-11-27 11:45:43.954  INFO 10168 --- [main] com.vae.Application                      : Starting Application using Java 1.8.0_281 on SKY-20210218KET with PID 10168 (E:\PycharmProjects\demo\Demo7\sbt-sec-authen-author-session\target\classes started by Administrator in E:\PycharmProjects\demo\Demo7\sbt-sec-authen-author-session)
2021-11-27 11:45:43.957  INFO 10168 --- [main] com.vae.Application                      : The following profiles are active: dev
2021-11-27 11:45:45.181  INFO 10168 --- [main] o.s.b.w.embedded.tomcat.TomcatWebServer  : Tomcat initialized with port(s): 8000 (http)
2021-11-27 11:45:45.190  INFO 10168 --- [main] o.a.coyote.http11.Http11NioProtocol      : Initializing ProtocolHandler ["http-nio-8000"]
2021-11-27 11:45:45.191  INFO 10168 --- [main] o.apache.catalina.core.StandardService   : Starting service [Tomcat]
2021-11-27 11:45:45.191  INFO 10168 --- [main] org.apache.catalina.core.StandardEngine  : Starting Servlet engine: [Apache Tomcat/9.0.50]
2021-11-27 11:45:45.284  INFO 10168 --- [main] o.a.c.c.C.[Tomcat].[localhost].[/]       : Initializing Spring embedded WebApplicationContext
2021-11-27 11:45:45.285  INFO 10168 --- [main] w.s.c.ServletWebServerApplicationContext : Root WebApplicationContext: initialization completed in 1272 ms
2021-11-27 11:45:45.705  WARN 10168 --- [main] c.v.c.s.s.a.RestAuthorizationFilter      : Could not validate configuration attributes as the SecurityMetadataSource did not return any attributes from getAllConfigAttributes()
2021-11-27 11:45:45.951  INFO 10168 --- [main] o.s.s.web.DefaultSecurityFilterChain     : Will secure any request with [org.springframework.security.web.context.request.async.WebAsyncManagerIntegrationFilter@4b033eac, org.springframework.security.web.context.SecurityContextPersistenceFilter@5934ca1e, org.springframework.security.web.header.HeaderWriterFilter@bd3eff4, org.springframework.web.filter.CorsFilter@69c532af, org.springframework.security.web.authentication.logout.LogoutFilter@481b2f10, com.vae.configuration.spring.security.authentication.RestLoginAuthenticationFilter@34208baa, org.springframework.security.web.authentication.UsernamePasswordAuthenticationFilter@58f31629, org.springframework.security.web.savedrequest.RequestCacheAwareFilter@5348d83c, org.springframework.security.web.servletapi.SecurityContextHolderAwareRequestFilter@2de6f1bc, org.springframework.security.web.authentication.AnonymousAuthenticationFilter@45a1d057, org.springframework.security.web.session.SessionManagementFilter@6010d0d1, org.springframework.security.web.access.ExceptionTranslationFilter@674da77b, com.vae.configuration.spring.security.authorization.RestAuthorizationFilter@75cf0de5, org.springframework.security.web.access.intercept.FilterSecurityInterceptor@5a622fe8]
2021-11-27 11:45:46.288  INFO 10168 --- [main] o.a.coyote.http11.Http11NioProtocol      : Starting ProtocolHandler ["http-nio-8000"]
2021-11-27 11:45:46.305  INFO 10168 --- [main] o.s.b.w.embedded.tomcat.TomcatWebServer  : Tomcat started on port(s): 8000 (http) with context path ''
2021-11-27 11:45:46.317  INFO 10168 --- [main] com.vae.Application                      : Started Application in 3.059 seconds (JVM running for 3.864)
2021-11-27 11:45:54.002  INFO 10168 --- [http-nio-8000-exec-1] o.a.c.c.C.[Tomcat].[localhost].[/]       : Initializing Spring DispatcherServlet 'dispatcherServlet'
2021-11-27 11:45:54.003  INFO 10168 --- [http-nio-8000-exec-1] o.s.web.servlet.DispatcherServlet        : Initializing Servlet 'dispatcherServlet'
2021-11-27 11:45:54.004  INFO 10168 --- [http-nio-8000-exec-1] o.s.web.servlet.DispatcherServlet        : Completed initialization in 1 ms
2021-11-27 11:45:54.109  INFO 10168 --- [http-nio-8000-exec-1] com.zaxxer.hikari.HikariDataSource       : HikariPool-1 - Starting...
2021-11-27 11:45:54.239  INFO 10168 --- [http-nio-8000-exec-1] com.zaxxer.hikari.HikariDataSource       : HikariPool-1 - Start completed.
2021-11-27 11:46:53.777  INFO 10168 --- [SpringApplicationShutdownHook] com.zaxxer.hikari.HikariDataSource       : HikariPool-1 - Shutdown initiated...
2021-11-27 11:46:53.784  INFO 10168 --- [SpringApplicationShutdownHook] com.zaxxer.hikari.HikariDataSource       : HikariPool-1 - Shutdown completed.
2021-11-27 12:38:09.842  INFO 6612 --- [main] com.vae.Application                      : Starting Application using Java 1.8.0_281 on SKY-20210218KET with PID 6612 (E:\PycharmProjects\demo\Demo7\sbt-sec-authen-author-session\target\classes started by Administrator in E:\PycharmProjects\demo\Demo7\sbt-sec-authen-author-session)
2021-11-27 12:38:09.846  INFO 6612 --- [main] com.vae.Application                      : The following profiles are active: dev
2021-11-27 12:38:11.462  INFO 10268 --- [main] com.vae.Application                      : Starting Application using Java 1.8.0_281 on SKY-20210218KET with PID 10268 (E:\PycharmProjects\demo\Demo7\sbt-sec-authen-author-session\target\classes started by Administrator in E:\PycharmProjects\demo\Demo7\sbt-sec-authen-author-session)
2021-11-27 12:38:11.465  INFO 10268 --- [main] com.vae.Application                      : The following profiles are active: dev
2021-11-27 12:38:11.790  INFO 6612 --- [main] o.s.b.w.embedded.tomcat.TomcatWebServer  : Tomcat initialized with port(s): 8000 (http)
2021-11-27 12:38:11.815  INFO 6612 --- [main] o.a.coyote.http11.Http11NioProtocol      : Initializing ProtocolHandler ["http-nio-8000"]
2021-11-27 12:38:11.817  INFO 6612 --- [main] o.apache.catalina.core.StandardService   : Starting service [Tomcat]
2021-11-27 12:38:11.817  INFO 6612 --- [main] org.apache.catalina.core.StandardEngine  : Starting Servlet engine: [Apache Tomcat/9.0.50]
2021-11-27 12:38:12.055  INFO 6612 --- [main] o.a.c.c.C.[Tomcat].[localhost].[/]       : Initializing Spring embedded WebApplicationContext
2021-11-27 12:38:12.055  INFO 6612 --- [main] w.s.c.ServletWebServerApplicationContext : Root WebApplicationContext: initialization completed in 2159 ms
2021-11-27 12:38:12.965  WARN 6612 --- [main] c.v.c.s.s.a.RestAuthorizationFilter      : Could not validate configuration attributes as the SecurityMetadataSource did not return any attributes from getAllConfigAttributes()
2021-11-27 12:38:13.237  INFO 10268 --- [main] o.s.b.w.embedded.tomcat.TomcatWebServer  : Tomcat initialized with port(s): 8000 (http)
2021-11-27 12:38:13.249  INFO 10268 --- [main] o.a.coyote.http11.Http11NioProtocol      : Initializing ProtocolHandler ["http-nio-8000"]
2021-11-27 12:38:13.249  INFO 10268 --- [main] o.apache.catalina.core.StandardService   : Starting service [Tomcat]
2021-11-27 12:38:13.250  INFO 10268 --- [main] org.apache.catalina.core.StandardEngine  : Starting Servlet engine: [Apache Tomcat/9.0.50]
2021-11-27 12:38:13.307  INFO 6612 --- [main] o.s.s.web.DefaultSecurityFilterChain     : Will secure any request with [org.springframework.security.web.context.request.async.WebAsyncManagerIntegrationFilter@7126e26, org.springframework.security.web.context.SecurityContextPersistenceFilter@47b269c4, org.springframework.security.web.header.HeaderWriterFilter@b791a81, org.springframework.web.filter.CorsFilter@151ab2b9, org.springframework.security.web.authentication.logout.LogoutFilter@72443081, com.vae.configuration.spring.security.authentication.RestLoginAuthenticationFilter@6a1ef65c, org.springframework.security.web.authentication.UsernamePasswordAuthenticationFilter@6f9e08d4, org.springframework.security.web.savedrequest.RequestCacheAwareFilter@71e7adbb, org.springframework.security.web.servletapi.SecurityContextHolderAwareRequestFilter@4451f60c, org.springframework.security.web.authentication.AnonymousAuthenticationFilter@13ed066e, org.springframework.security.web.session.SessionManagementFilter@4391a2d8, org.springframework.security.web.access.ExceptionTranslationFilter@629a9f26, com.vae.configuration.spring.security.authorization.RestAuthorizationFilter@64942607, org.springframework.security.web.access.intercept.FilterSecurityInterceptor@261bd7b]
2021-11-27 12:38:13.346  INFO 10268 --- [main] o.a.c.c.C.[Tomcat].[localhost].[/]       : Initializing Spring embedded WebApplicationContext
2021-11-27 12:38:13.346  INFO 10268 --- [main] w.s.c.ServletWebServerApplicationContext : Root WebApplicationContext: initialization completed in 1823 ms
2021-11-27 12:38:13.709  INFO 6612 --- [main] o.s.b.w.embedded.tomcat.TomcatWebServer  : Tomcat started on port(s): 8000 (http) with context path ''
2021-11-27 12:38:13.721  INFO 6612 --- [main] com.vae.Application                      : Started Application in 4.659 seconds (JVM running for 5.688)
2021-11-27 12:38:18.178  INFO 11236 --- [main] com.vae.Application                      : Starting Application using Java 1.8.0_281 on SKY-20210218KET with PID 11236 (E:\PycharmProjects\demo\Demo7\sbt-sec-authen-author-session\target\classes started by Administrator in E:\PycharmProjects\demo\Demo7\sbt-sec-authen-author-session)
2021-11-27 12:38:18.182  INFO 11236 --- [main] com.vae.Application                      : The following profiles are active: dev
2021-11-27 12:38:19.694  INFO 11236 --- [main] o.s.b.w.embedded.tomcat.TomcatWebServer  : Tomcat initialized with port(s): 8000 (http)
2021-11-27 12:38:19.703  INFO 11236 --- [main] o.a.coyote.http11.Http11NioProtocol      : Initializing ProtocolHandler ["http-nio-8000"]
2021-11-27 12:38:19.704  INFO 11236 --- [main] o.apache.catalina.core.StandardService   : Starting service [Tomcat]
2021-11-27 12:38:19.704  INFO 11236 --- [main] org.apache.catalina.core.StandardEngine  : Starting Servlet engine: [Apache Tomcat/9.0.50]
2021-11-27 12:38:19.802  INFO 11236 --- [main] o.a.c.c.C.[Tomcat].[localhost].[/]       : Initializing Spring embedded WebApplicationContext
2021-11-27 12:38:19.802  INFO 11236 --- [main] w.s.c.ServletWebServerApplicationContext : Root WebApplicationContext: initialization completed in 1477 ms
2021-11-27 12:38:20.346  WARN 11236 --- [main] c.v.c.s.s.a.RestAuthorizationFilter      : Could not validate configuration attributes as the SecurityMetadataSource did not return any attributes from getAllConfigAttributes()
2021-11-27 12:38:20.655  INFO 11236 --- [main] o.s.s.web.DefaultSecurityFilterChain     : Will secure any request with [org.springframework.security.web.context.request.async.WebAsyncManagerIntegrationFilter@385d819, org.springframework.security.web.context.SecurityContextPersistenceFilter@5e9bbd9d, org.springframework.security.web.header.HeaderWriterFilter@477021ee, org.springframework.web.filter.CorsFilter@4315c28c, org.springframework.security.web.authentication.logout.LogoutFilter@4e80a001, com.vae.configuration.spring.security.authentication.RestLoginAuthenticationFilter@5a058be5, org.springframework.security.web.authentication.UsernamePasswordAuthenticationFilter@4a89ef44, org.springframework.security.web.savedrequest.RequestCacheAwareFilter@4b87074a, org.springframework.security.web.servletapi.SecurityContextHolderAwareRequestFilter@56826a75, org.springframework.security.web.authentication.AnonymousAuthenticationFilter@8fd91d1, org.springframework.security.web.session.SessionManagementFilter@2180e789, org.springframework.security.web.access.ExceptionTranslationFilter@5348d83c, com.vae.configuration.spring.security.authorization.RestAuthorizationFilter@7af443a3, org.springframework.security.web.access.intercept.FilterSecurityInterceptor@a0bf272]
2021-11-27 12:38:21.038  INFO 11236 --- [main] o.a.coyote.http11.Http11NioProtocol      : Starting ProtocolHandler ["http-nio-8000"]
2021-11-27 12:38:21.055  INFO 11236 --- [main] o.s.b.w.embedded.tomcat.TomcatWebServer  : Tomcat started on port(s): 8000 (http) with context path ''
2021-11-27 12:38:21.068  INFO 11236 --- [main] com.vae.Application                      : Started Application in 3.571 seconds (JVM running for 4.391)
2021-11-27 12:38:52.450  INFO 11236 --- [http-nio-8000-exec-1] o.a.c.c.C.[Tomcat].[localhost].[/]       : Initializing Spring DispatcherServlet 'dispatcherServlet'
2021-11-27 12:38:52.451  INFO 11236 --- [http-nio-8000-exec-1] o.s.web.servlet.DispatcherServlet        : Initializing Servlet 'dispatcherServlet'
2021-11-27 12:38:52.452  INFO 11236 --- [http-nio-8000-exec-1] o.s.web.servlet.DispatcherServlet        : Completed initialization in 1 ms
2021-11-27 12:38:52.564  INFO 11236 --- [http-nio-8000-exec-1] com.zaxxer.hikari.HikariDataSource       : HikariPool-1 - Starting...
2021-11-27 12:38:52.707  INFO 11236 --- [http-nio-8000-exec-1] com.zaxxer.hikari.HikariDataSource       : HikariPool-1 - Start completed.
2021-11-27 12:43:06.138  INFO 11236 --- [SpringApplicationShutdownHook] com.zaxxer.hikari.HikariDataSource       : HikariPool-1 - Shutdown initiated...
2021-11-27 12:43:06.145  INFO 11236 --- [SpringApplicationShutdownHook] com.zaxxer.hikari.HikariDataSource       : HikariPool-1 - Shutdown completed.
