2021-11-23 10:39:50.613  INFO 7772 --- [main] com.vae.Application                      : Starting Application using Java 1.8.0_281 on SKY-20210218KET with PID 7772 (E:\PycharmProjects\demo\Demo7\sbt-sec-authen-session\target\classes started by Administrator in E:\PycharmProjects\demo\Demo7\sbt-sec-authen-session)
2021-11-23 10:39:50.616  INFO 7772 --- [main] com.vae.Application                      : The following profiles are active: dev
2021-11-23 10:39:53.849  INFO 7772 --- [main] o.s.b.w.embedded.tomcat.TomcatWebServer  : Tomcat initialized with port(s): 8000 (http)
2021-11-23 10:39:53.880  INFO 7772 --- [main] o.a.coyote.http11.Http11NioProtocol      : Initializing ProtocolHandler ["http-nio-8000"]
2021-11-23 10:39:53.880  INFO 7772 --- [main] o.apache.catalina.core.StandardService   : Starting service [Tomcat]
2021-11-23 10:39:53.881  INFO 7772 --- [main] org.apache.catalina.core.StandardEngine  : Starting Servlet engine: [Apache Tomcat/9.0.50]
2021-11-23 10:39:54.004  INFO 7772 --- [main] o.a.c.c.C.[Tomcat].[localhost].[/]       : Initializing Spring embedded WebApplicationContext
2021-11-23 10:39:54.004  INFO 7772 --- [main] w.s.c.ServletWebServerApplicationContext : Root WebApplicationContext: initialization completed in 3035 ms
2021-11-23 10:39:55.582  INFO 7772 --- [main] o.s.s.web.DefaultSecurityFilterChain     : Will secure any request with [org.springframework.security.web.context.request.async.WebAsyncManagerIntegrationFilter@52f6900a, org.springframework.security.web.context.SecurityContextPersistenceFilter@168ad26f, org.springframework.security.web.header.HeaderWriterFilter@45292ec1, org.springframework.web.filter.CorsFilter@7bbcf6f0, org.springframework.security.web.authentication.logout.LogoutFilter@661d6bb6, com.vae.configuration.spring.security.RestLoginAuthenticationFilter@4ef2ab73, org.springframework.security.web.savedrequest.RequestCacheAwareFilter@322204dc, org.springframework.security.web.servletapi.SecurityContextHolderAwareRequestFilter@2519026b, org.springframework.security.web.authentication.AnonymousAuthenticationFilter@2b80e5a9, org.springframework.security.web.session.SessionManagementFilter@28babeca, org.springframework.security.web.access.ExceptionTranslationFilter@13803a94, org.springframework.security.web.access.intercept.FilterSecurityInterceptor@594131f2]
2021-11-23 10:39:56.277  INFO 7772 --- [main] o.a.coyote.http11.Http11NioProtocol      : Starting ProtocolHandler ["http-nio-8000"]
2021-11-23 10:39:56.302  INFO 7772 --- [main] o.s.b.w.embedded.tomcat.TomcatWebServer  : Tomcat started on port(s): 8000 (http) with context path ''
2021-11-23 10:39:56.314  INFO 7772 --- [main] com.vae.Application                      : Started Application in 7.027 seconds (JVM running for 12.712)
2021-11-23 10:43:41.919  INFO 7772 --- [http-nio-8000-exec-1] o.a.c.c.C.[Tomcat].[localhost].[/]       : Initializing Spring DispatcherServlet 'dispatcherServlet'
2021-11-23 10:43:41.919  INFO 7772 --- [http-nio-8000-exec-1] o.s.web.servlet.DispatcherServlet        : Initializing Servlet 'dispatcherServlet'
2021-11-23 10:43:41.920  INFO 7772 --- [http-nio-8000-exec-1] o.s.web.servlet.DispatcherServlet        : Completed initialization in 1 ms
2021-11-23 10:43:50.581  INFO 7772 --- [http-nio-8000-exec-1] com.zaxxer.hikari.HikariDataSource       : HikariPool-1 - Starting...
2021-11-23 10:43:51.866  INFO 7772 --- [http-nio-8000-exec-1] com.zaxxer.hikari.HikariDataSource       : HikariPool-1 - Start completed.
2021-11-23 10:48:10.364  INFO 7772 --- [SpringApplicationShutdownHook] com.zaxxer.hikari.HikariDataSource       : HikariPool-1 - Shutdown initiated...
2021-11-23 10:48:10.389  INFO 7772 --- [SpringApplicationShutdownHook] com.zaxxer.hikari.HikariDataSource       : HikariPool-1 - Shutdown completed.
2021-11-23 10:48:17.031  INFO 2608 --- [main] com.vae.Application                      : Starting Application using Java 1.8.0_281 on SKY-20210218KET with PID 2608 (E:\PycharmProjects\demo\Demo7\sbt-sec-authen-session\target\classes started by Administrator in E:\PycharmProjects\demo\Demo7\sbt-sec-authen-session)
2021-11-23 10:48:17.034  INFO 2608 --- [main] com.vae.Application                      : The following profiles are active: dev
2021-11-23 10:48:18.434  INFO 2608 --- [main] o.s.b.w.embedded.tomcat.TomcatWebServer  : Tomcat initialized with port(s): 8000 (http)
2021-11-23 10:48:18.444  INFO 2608 --- [main] o.a.coyote.http11.Http11NioProtocol      : Initializing ProtocolHandler ["http-nio-8000"]
2021-11-23 10:48:18.445  INFO 2608 --- [main] o.apache.catalina.core.StandardService   : Starting service [Tomcat]
2021-11-23 10:48:18.445  INFO 2608 --- [main] org.apache.catalina.core.StandardEngine  : Starting Servlet engine: [Apache Tomcat/9.0.50]
2021-11-23 10:48:18.540  INFO 2608 --- [main] o.a.c.c.C.[Tomcat].[localhost].[/]       : Initializing Spring embedded WebApplicationContext
2021-11-23 10:48:18.540  INFO 2608 --- [main] w.s.c.ServletWebServerApplicationContext : Root WebApplicationContext: initialization completed in 1437 ms
2021-11-23 10:48:19.288  INFO 2608 --- [main] o.s.s.web.DefaultSecurityFilterChain     : Will secure any request with [org.springframework.security.web.context.request.async.WebAsyncManagerIntegrationFilter@7bee8621, org.springframework.security.web.context.SecurityContextPersistenceFilter@182e7eda, org.springframework.security.web.header.HeaderWriterFilter@2ed9f6f8, org.springframework.web.filter.CorsFilter@4e0cc334, org.springframework.security.web.authentication.logout.LogoutFilter@7f3ca64a, org.springframework.security.web.authentication.UsernamePasswordAuthenticationFilter@3cc053, org.springframework.security.web.savedrequest.RequestCacheAwareFilter@420a8042, org.springframework.security.web.servletapi.SecurityContextHolderAwareRequestFilter@3a7c678b, org.springframework.security.web.authentication.AnonymousAuthenticationFilter@1e12a5a6, org.springframework.security.web.session.SessionManagementFilter@35650279, org.springframework.security.web.access.ExceptionTranslationFilter@24c685e7, org.springframework.security.web.access.intercept.FilterSecurityInterceptor@365afe87]
2021-11-23 10:48:19.656  INFO 2608 --- [main] o.a.coyote.http11.Http11NioProtocol      : Starting ProtocolHandler ["http-nio-8000"]
2021-11-23 10:48:19.675  INFO 2608 --- [main] o.s.b.w.embedded.tomcat.TomcatWebServer  : Tomcat started on port(s): 8000 (http) with context path ''
2021-11-23 10:48:19.687  INFO 2608 --- [main] com.vae.Application                      : Started Application in 3.577 seconds (JVM running for 4.75)
2021-11-23 10:51:25.894  INFO 2608 --- [http-nio-8000-exec-1] o.a.c.c.C.[Tomcat].[localhost].[/]       : Initializing Spring DispatcherServlet 'dispatcherServlet'
2021-11-23 10:51:25.894  INFO 2608 --- [http-nio-8000-exec-1] o.s.web.servlet.DispatcherServlet        : Initializing Servlet 'dispatcherServlet'
2021-11-23 10:51:25.895  INFO 2608 --- [http-nio-8000-exec-1] o.s.web.servlet.DispatcherServlet        : Completed initialization in 1 ms
2021-11-23 10:51:25.957 ERROR 2608 --- [http-nio-8000-exec-1] o.a.c.c.C.[.[.[/].[dispatcherServlet]    : Servlet.service() for servlet [dispatcherServlet] in context with path [] threw exception

java.lang.NullPointerException: null
	at com.vae.configuration.spring.security.RestLogoutSuccessHandler.onLogoutSuccess(RestLogoutSuccessHandler.java:34)
	at org.springframework.security.web.authentication.logout.LogoutFilter.doFilter(LogoutFilter.java:100)
	at org.springframework.security.web.authentication.logout.LogoutFilter.doFilter(LogoutFilter.java:89)
	at org.springframework.security.web.FilterChainProxy$VirtualFilterChain.doFilter(FilterChainProxy.java:336)
	at org.springframework.web.filter.CorsFilter.doFilterInternal(CorsFilter.java:91)
	at org.springframework.web.filter.OncePerRequestFilter.doFilter(OncePerRequestFilter.java:119)
	at org.springframework.security.web.FilterChainProxy$VirtualFilterChain.doFilter(FilterChainProxy.java:336)
	at org.springframework.security.web.header.HeaderWriterFilter.doHeadersAfter(HeaderWriterFilter.java:90)
	at org.springframework.security.web.header.HeaderWriterFilter.doFilterInternal(HeaderWriterFilter.java:75)
	at org.springframework.web.filter.OncePerRequestFilter.doFilter(OncePerRequestFilter.java:119)
	at org.springframework.security.web.FilterChainProxy$VirtualFilterChain.doFilter(FilterChainProxy.java:336)
	at org.springframework.security.web.context.SecurityContextPersistenceFilter.doFilter(SecurityContextPersistenceFilter.java:110)
	at org.springframework.security.web.context.SecurityContextPersistenceFilter.doFilter(SecurityContextPersistenceFilter.java:80)
	at org.springframework.security.web.FilterChainProxy$VirtualFilterChain.doFilter(FilterChainProxy.java:336)
	at org.springframework.security.web.context.request.async.WebAsyncManagerIntegrationFilter.doFilterInternal(WebAsyncManagerIntegrationFilter.java:55)
	at org.springframework.web.filter.OncePerRequestFilter.doFilter(OncePerRequestFilter.java:119)
	at org.springframework.security.web.FilterChainProxy$VirtualFilterChain.doFilter(FilterChainProxy.java:336)
	at org.springframework.security.web.FilterChainProxy.doFilterInternal(FilterChainProxy.java:211)
	at org.springframework.security.web.FilterChainProxy.doFilter(FilterChainProxy.java:183)
	at org.springframework.web.filter.DelegatingFilterProxy.invokeDelegate(DelegatingFilterProxy.java:358)
	at org.springframework.web.filter.DelegatingFilterProxy.doFilter(DelegatingFilterProxy.java:271)
	at org.apache.catalina.core.ApplicationFilterChain.internalDoFilter(ApplicationFilterChain.java:190)
	at org.apache.catalina.core.ApplicationFilterChain.doFilter(ApplicationFilterChain.java:163)
	at org.springframework.web.filter.RequestContextFilter.doFilterInternal(RequestContextFilter.java:100)
	at org.springframework.web.filter.OncePerRequestFilter.doFilter(OncePerRequestFilter.java:119)
	at org.apache.catalina.core.ApplicationFilterChain.internalDoFilter(ApplicationFilterChain.java:190)
	at org.apache.catalina.core.ApplicationFilterChain.doFilter(ApplicationFilterChain.java:163)
	at org.springframework.web.filter.FormContentFilter.doFilterInternal(FormContentFilter.java:93)
	at org.springframework.web.filter.OncePerRequestFilter.doFilter(OncePerRequestFilter.java:119)
	at org.apache.catalina.core.ApplicationFilterChain.internalDoFilter(ApplicationFilterChain.java:190)
	at org.apache.catalina.core.ApplicationFilterChain.doFilter(ApplicationFilterChain.java:163)
	at org.springframework.web.filter.CharacterEncodingFilter.doFilterInternal(CharacterEncodingFilter.java:201)
	at org.springframework.web.filter.OncePerRequestFilter.doFilter(OncePerRequestFilter.java:119)
	at org.apache.catalina.core.ApplicationFilterChain.internalDoFilter(ApplicationFilterChain.java:190)
	at org.apache.catalina.core.ApplicationFilterChain.doFilter(ApplicationFilterChain.java:163)
	at org.apache.catalina.core.StandardWrapperValve.invoke(StandardWrapperValve.java:202)
	at org.apache.catalina.core.StandardContextValve.invoke(StandardContextValve.java:97)
	at org.apache.catalina.authenticator.AuthenticatorBase.invoke(AuthenticatorBase.java:542)
	at org.apache.catalina.core.StandardHostValve.invoke(StandardHostValve.java:143)
	at org.apache.catalina.valves.ErrorReportValve.invoke(ErrorReportValve.java:92)
	at org.apache.catalina.core.StandardEngineValve.invoke(StandardEngineValve.java:78)
	at org.apache.catalina.connector.CoyoteAdapter.service(CoyoteAdapter.java:357)
	at org.apache.coyote.http11.Http11Processor.service(Http11Processor.java:382)
	at org.apache.coyote.AbstractProcessorLight.process(AbstractProcessorLight.java:65)
	at org.apache.coyote.AbstractProtocol$ConnectionHandler.process(AbstractProtocol.java:893)
	at org.apache.tomcat.util.net.NioEndpoint$SocketProcessor.doRun(NioEndpoint.java:1723)
	at org.apache.tomcat.util.net.SocketProcessorBase.run(SocketProcessorBase.java:49)
	at java.util.concurrent.ThreadPoolExecutor.runWorker(ThreadPoolExecutor.java:1149)
	at java.util.concurrent.ThreadPoolExecutor$Worker.run(ThreadPoolExecutor.java:624)
	at org.apache.tomcat.util.threads.TaskThread$WrappingRunnable.run(TaskThread.java:61)
	at java.lang.Thread.run(Thread.java:748)

2021-11-23 10:51:53.203  INFO 2608 --- [http-nio-8000-exec-2] com.zaxxer.hikari.HikariDataSource       : HikariPool-1 - Starting...
2021-11-23 10:51:53.665  INFO 2608 --- [http-nio-8000-exec-2] com.zaxxer.hikari.HikariDataSource       : HikariPool-1 - Start completed.
2021-11-23 10:53:15.483  WARN 2608 --- [HikariPool-1 housekeeper] com.zaxxer.hikari.pool.HikariPool        : HikariPool-1 - Thread starvation or clock leap detected (housekeeper delta=50s43ms481µs932ns).
2021-11-23 10:56:27.562  INFO 2608 --- [SpringApplicationShutdownHook] com.zaxxer.hikari.HikariDataSource       : HikariPool-1 - Shutdown initiated...
2021-11-23 10:56:27.570  INFO 2608 --- [SpringApplicationShutdownHook] com.zaxxer.hikari.HikariDataSource       : HikariPool-1 - Shutdown completed.
2021-11-23 10:57:43.925  INFO 5780 --- [main] com.vae.Application                      : Starting Application using Java 1.8.0_281 on SKY-20210218KET with PID 5780 (E:\PycharmProjects\demo\Demo7\sbt-sec-authen-session\target\classes started by Administrator in E:\PycharmProjects\demo\Demo7\sbt-sec-authen-session)
2021-11-23 10:57:43.928  INFO 5780 --- [main] com.vae.Application                      : The following profiles are active: dev
2021-11-23 10:57:45.518  INFO 5780 --- [main] o.s.b.w.embedded.tomcat.TomcatWebServer  : Tomcat initialized with port(s): 8000 (http)
2021-11-23 10:57:45.529  INFO 5780 --- [main] o.a.coyote.http11.Http11NioProtocol      : Initializing ProtocolHandler ["http-nio-8000"]
2021-11-23 10:57:45.530  INFO 5780 --- [main] o.apache.catalina.core.StandardService   : Starting service [Tomcat]
2021-11-23 10:57:45.530  INFO 5780 --- [main] org.apache.catalina.core.StandardEngine  : Starting Servlet engine: [Apache Tomcat/9.0.50]
2021-11-23 10:57:45.631  INFO 5780 --- [main] o.a.c.c.C.[Tomcat].[localhost].[/]       : Initializing Spring embedded WebApplicationContext
2021-11-23 10:57:45.631  INFO 5780 --- [main] w.s.c.ServletWebServerApplicationContext : Root WebApplicationContext: initialization completed in 1642 ms
2021-11-23 10:57:46.355  INFO 5780 --- [main] o.s.s.web.DefaultSecurityFilterChain     : Will secure any request with [org.springframework.security.web.context.request.async.WebAsyncManagerIntegrationFilter@7eeb38b2, org.springframework.security.web.context.SecurityContextPersistenceFilter@7fdd43cd, org.springframework.security.web.header.HeaderWriterFilter@3cc053, org.springframework.web.filter.CorsFilter@d54d0f5, org.springframework.security.web.authentication.logout.LogoutFilter@2b80e5a9, org.springframework.security.web.authentication.UsernamePasswordAuthenticationFilter@7634f2b, org.springframework.security.web.savedrequest.RequestCacheAwareFilter@2ce03e86, org.springframework.security.web.servletapi.SecurityContextHolderAwareRequestFilter@47a7c93e, org.springframework.security.web.authentication.AnonymousAuthenticationFilter@6d6bff89, org.springframework.security.web.session.SessionManagementFilter@7fbd3e75, org.springframework.security.web.access.ExceptionTranslationFilter@1a1ccaaf, org.springframework.security.web.access.intercept.FilterSecurityInterceptor@624b523]
2021-11-23 10:57:46.753  INFO 5780 --- [main] o.a.coyote.http11.Http11NioProtocol      : Starting ProtocolHandler ["http-nio-8000"]
2021-11-23 10:57:46.772  INFO 5780 --- [main] o.s.b.w.embedded.tomcat.TomcatWebServer  : Tomcat started on port(s): 8000 (http) with context path ''
2021-11-23 10:57:46.785  INFO 5780 --- [main] com.vae.Application                      : Started Application in 3.655 seconds (JVM running for 4.668)
2021-11-23 10:57:51.181  INFO 5780 --- [http-nio-8000-exec-1] o.a.c.c.C.[Tomcat].[localhost].[/]       : Initializing Spring DispatcherServlet 'dispatcherServlet'
2021-11-23 10:57:51.181  INFO 5780 --- [http-nio-8000-exec-1] o.s.web.servlet.DispatcherServlet        : Initializing Servlet 'dispatcherServlet'
2021-11-23 10:57:51.183  INFO 5780 --- [http-nio-8000-exec-1] o.s.web.servlet.DispatcherServlet        : Completed initialization in 1 ms
2021-11-23 10:58:06.261  INFO 5780 --- [http-nio-8000-exec-1] com.zaxxer.hikari.HikariDataSource       : HikariPool-1 - Starting...
2021-11-23 10:58:06.742  INFO 5780 --- [http-nio-8000-exec-1] com.zaxxer.hikari.HikariDataSource       : HikariPool-1 - Start completed.
2021-11-23 10:58:48.822  INFO 5780 --- [SpringApplicationShutdownHook] com.zaxxer.hikari.HikariDataSource       : HikariPool-1 - Shutdown initiated...
2021-11-23 10:58:48.830  INFO 5780 --- [SpringApplicationShutdownHook] com.zaxxer.hikari.HikariDataSource       : HikariPool-1 - Shutdown completed.
