2021-11-23 14:02:32.381  INFO 3860 --- [main] com.vae.Application                      : Starting Application using Java 1.8.0_281 on SKY-20210218KET with PID 3860 (E:\PycharmProjects\demo\Demo7\sbt-sec-authen-jwttoken\target\classes started by Administrator in E:\PycharmProjects\demo\Demo7\sbt-sec-authen-jwttoken)
2021-11-23 14:02:32.384  INFO 3860 --- [main] com.vae.Application                      : The following profiles are active: dev
2021-11-23 14:02:33.493  INFO 3860 --- [main] o.s.b.w.embedded.tomcat.TomcatWebServer  : Tomcat initialized with port(s): 8000 (http)
2021-11-23 14:02:33.501  INFO 3860 --- [main] o.a.coyote.http11.Http11NioProtocol      : Initializing ProtocolHandler ["http-nio-8000"]
2021-11-23 14:02:33.502  INFO 3860 --- [main] o.apache.catalina.core.StandardService   : Starting service [Tomcat]
2021-11-23 14:02:33.502  INFO 3860 --- [main] org.apache.catalina.core.StandardEngine  : Starting Servlet engine: [Apache Tomcat/9.0.50]
2021-11-23 14:02:33.588  INFO 3860 --- [main] o.a.c.c.C.[Tomcat].[localhost].[/]       : Initializing Spring embedded WebApplicationContext
2021-11-23 14:02:33.588  INFO 3860 --- [main] w.s.c.ServletWebServerApplicationContext : Root WebApplicationContext: initialization completed in 1147 ms
2021-11-23 14:02:33.705 ERROR 3860 --- [main] o.s.b.web.embedded.tomcat.TomcatStarter  : Error starting Tomcat context. Exception: org.springframework.beans.factory.UnsatisfiedDependencyException. Message: Error creating bean with name 'jwtAuthenticationTokenFilter': Unsatisfied dependency expressed through field 'authenticationService'; nested exception is org.springframework.beans.factory.UnsatisfiedDependencyException: Error creating bean with name 'authenticationServiceImpl': Unsatisfied dependency expressed through field 'jwtTokenUtil'; nested exception is org.springframework.beans.factory.NoSuchBeanDefinitionException: No qualifying bean of type 'com.vae.util.JwtTokenUtil' available: expected at least 1 bean which qualifies as autowire candidate. Dependency annotations: {@org.springframework.beans.factory.annotation.Autowired(required=true)}
2021-11-23 14:02:33.724  INFO 3860 --- [main] o.apache.catalina.core.StandardService   : Stopping service [Tomcat]
2021-11-23 14:02:33.732  WARN 3860 --- [main] ConfigServletWebServerApplicationContext : Exception encountered during context initialization - cancelling refresh attempt: org.springframework.context.ApplicationContextException: Unable to start web server; nested exception is org.springframework.boot.web.server.WebServerException: Unable to start embedded Tomcat
2021-11-23 14:02:33.789  INFO 3860 --- [main] ConditionEvaluationReportLoggingListener : 

Error starting ApplicationContext. To display the conditions report re-run your application with 'debug' enabled.
2021-11-23 14:02:34.058 ERROR 3860 --- [main] o.s.b.d.LoggingFailureAnalysisReporter   : 

***************************
APPLICATION FAILED TO START
***************************

Description:

Field jwtTokenUtil in com.vae.service.impl.AuthenticationServiceImpl required a bean of type 'com.vae.util.JwtTokenUtil' that could not be found.

The injection point has the following annotations:
	- @org.springframework.beans.factory.annotation.Autowired(required=true)


Action:

Consider defining a bean of type 'com.vae.util.JwtTokenUtil' in your configuration.

2021-11-23 14:08:35.025  INFO 10024 --- [main] com.vae.Application                      : Starting Application using Java 1.8.0_281 on SKY-20210218KET with PID 10024 (E:\PycharmProjects\demo\Demo7\sbt-sec-authen-jwttoken\target\classes started by Administrator in E:\PycharmProjects\demo\Demo7\sbt-sec-authen-jwttoken)
2021-11-23 14:08:35.029  INFO 10024 --- [main] com.vae.Application                      : The following profiles are active: dev
2021-11-23 14:08:36.460  INFO 10024 --- [main] o.s.b.w.embedded.tomcat.TomcatWebServer  : Tomcat initialized with port(s): 8000 (http)
2021-11-23 14:08:36.469  INFO 10024 --- [main] o.a.coyote.http11.Http11NioProtocol      : Initializing ProtocolHandler ["http-nio-8000"]
2021-11-23 14:08:36.470  INFO 10024 --- [main] o.apache.catalina.core.StandardService   : Starting service [Tomcat]
2021-11-23 14:08:36.470  INFO 10024 --- [main] org.apache.catalina.core.StandardEngine  : Starting Servlet engine: [Apache Tomcat/9.0.50]
2021-11-23 14:08:36.560  INFO 10024 --- [main] o.a.c.c.C.[Tomcat].[localhost].[/]       : Initializing Spring embedded WebApplicationContext
2021-11-23 14:08:36.560  INFO 10024 --- [main] w.s.c.ServletWebServerApplicationContext : Root WebApplicationContext: initialization completed in 1468 ms
2021-11-23 14:08:36.671 ERROR 10024 --- [main] o.s.b.web.embedded.tomcat.TomcatStarter  : Error starting Tomcat context. Exception: org.springframework.beans.factory.UnsatisfiedDependencyException. Message: Error creating bean with name 'jwtAuthenticationTokenFilter': Unsatisfied dependency expressed through field 'authenticationService'; nested exception is org.springframework.beans.factory.UnsatisfiedDependencyException: Error creating bean with name 'authenticationServiceImpl': Unsatisfied dependency expressed through field 'jwtTokenUtil'; nested exception is org.springframework.beans.factory.BeanCreationException: Error creating bean with name 'jwtTokenUtil': Injection of autowired dependencies failed; nested exception is java.lang.IllegalArgumentException: Could not resolve placeholder 'jwt.expiration' in value "${jwt.expiration}"
2021-11-23 14:08:36.696  INFO 10024 --- [main] o.apache.catalina.core.StandardService   : Stopping service [Tomcat]
2021-11-23 14:08:36.705  WARN 10024 --- [main] ConfigServletWebServerApplicationContext : Exception encountered during context initialization - cancelling refresh attempt: org.springframework.context.ApplicationContextException: Unable to start web server; nested exception is org.springframework.boot.web.server.WebServerException: Unable to start embedded Tomcat
2021-11-23 14:08:36.715  INFO 10024 --- [main] ConditionEvaluationReportLoggingListener : 

Error starting ApplicationContext. To display the conditions report re-run your application with 'debug' enabled.
2021-11-23 14:08:36.769 ERROR 10024 --- [main] o.s.boot.SpringApplication               : Application run failed

org.springframework.context.ApplicationContextException: Unable to start web server; nested exception is org.springframework.boot.web.server.WebServerException: Unable to start embedded Tomcat
	at org.springframework.boot.web.servlet.context.ServletWebServerApplicationContext.onRefresh(ServletWebServerApplicationContext.java:163)
	at org.springframework.context.support.AbstractApplicationContext.refresh(AbstractApplicationContext.java:577)
	at org.springframework.boot.web.servlet.context.ServletWebServerApplicationContext.refresh(ServletWebServerApplicationContext.java:145)
	at org.springframework.boot.SpringApplication.refresh(SpringApplication.java:754)
	at org.springframework.boot.SpringApplication.refreshContext(SpringApplication.java:434)
	at org.springframework.boot.SpringApplication.run(SpringApplication.java:338)
	at org.springframework.boot.SpringApplication.run(SpringApplication.java:1343)
	at org.springframework.boot.SpringApplication.run(SpringApplication.java:1332)
	at com.vae.Application.main(Application.java:20)
Caused by: org.springframework.boot.web.server.WebServerException: Unable to start embedded Tomcat
	at org.springframework.boot.web.embedded.tomcat.TomcatWebServer.initialize(TomcatWebServer.java:142)
	at org.springframework.boot.web.embedded.tomcat.TomcatWebServer.<init>(TomcatWebServer.java:104)
	at org.springframework.boot.web.embedded.tomcat.TomcatServletWebServerFactory.getTomcatWebServer(TomcatServletWebServerFactory.java:450)
	at org.springframework.boot.web.embedded.tomcat.TomcatServletWebServerFactory.getWebServer(TomcatServletWebServerFactory.java:199)
	at org.springframework.boot.web.servlet.context.ServletWebServerApplicationContext.createWebServer(ServletWebServerApplicationContext.java:182)
	at org.springframework.boot.web.servlet.context.ServletWebServerApplicationContext.onRefresh(ServletWebServerApplicationContext.java:160)
	... 8 common frames omitted
Caused by: org.springframework.beans.factory.UnsatisfiedDependencyException: Error creating bean with name 'jwtAuthenticationTokenFilter': Unsatisfied dependency expressed through field 'authenticationService'; nested exception is org.springframework.beans.factory.UnsatisfiedDependencyException: Error creating bean with name 'authenticationServiceImpl': Unsatisfied dependency expressed through field 'jwtTokenUtil'; nested exception is org.springframework.beans.factory.BeanCreationException: Error creating bean with name 'jwtTokenUtil': Injection of autowired dependencies failed; nested exception is java.lang.IllegalArgumentException: Could not resolve placeholder 'jwt.expiration' in value "${jwt.expiration}"
	at org.springframework.beans.factory.annotation.AutowiredAnnotationBeanPostProcessor$AutowiredFieldElement.resolveFieldValue(AutowiredAnnotationBeanPostProcessor.java:660)
	at org.springframework.beans.factory.annotation.AutowiredAnnotationBeanPostProcessor$AutowiredFieldElement.inject(AutowiredAnnotationBeanPostProcessor.java:640)
	at org.springframework.beans.factory.annotation.InjectionMetadata.inject(InjectionMetadata.java:119)
	at org.springframework.beans.factory.annotation.AutowiredAnnotationBeanPostProcessor.postProcessProperties(AutowiredAnnotationBeanPostProcessor.java:399)
	at org.springframework.beans.factory.support.AbstractAutowireCapableBeanFactory.populateBean(AbstractAutowireCapableBeanFactory.java:1413)
	at org.springframework.beans.factory.support.AbstractAutowireCapableBeanFactory.doCreateBean(AbstractAutowireCapableBeanFactory.java:601)
	at org.springframework.beans.factory.support.AbstractAutowireCapableBeanFactory.createBean(AbstractAutowireCapableBeanFactory.java:524)
	at org.springframework.beans.factory.support.AbstractBeanFactory.lambda$doGetBean$0(AbstractBeanFactory.java:335)
	at org.springframework.beans.factory.support.DefaultSingletonBeanRegistry.getSingleton(DefaultSingletonBeanRegistry.java:234)
	at org.springframework.beans.factory.support.AbstractBeanFactory.doGetBean(AbstractBeanFactory.java:333)
	at org.springframework.beans.factory.support.AbstractBeanFactory.getBean(AbstractBeanFactory.java:213)
	at org.springframework.boot.web.servlet.ServletContextInitializerBeans.getOrderedBeansOfType(ServletContextInitializerBeans.java:212)
	at org.springframework.boot.web.servlet.ServletContextInitializerBeans.addAsRegistrationBean(ServletContextInitializerBeans.java:175)
	at org.springframework.boot.web.servlet.ServletContextInitializerBeans.addAsRegistrationBean(ServletContextInitializerBeans.java:170)
	at org.springframework.boot.web.servlet.ServletContextInitializerBeans.addAdaptableBeans(ServletContextInitializerBeans.java:155)
	at org.springframework.boot.web.servlet.ServletContextInitializerBeans.<init>(ServletContextInitializerBeans.java:87)
	at org.springframework.boot.web.servlet.context.ServletWebServerApplicationContext.getServletContextInitializerBeans(ServletWebServerApplicationContext.java:260)
	at org.springframework.boot.web.servlet.context.ServletWebServerApplicationContext.selfInitialize(ServletWebServerApplicationContext.java:234)
	at org.springframework.boot.web.embedded.tomcat.TomcatStarter.onStartup(TomcatStarter.java:53)
	at org.apache.catalina.core.StandardContext.startInternal(StandardContext.java:5219)
	at org.apache.catalina.util.LifecycleBase.start(LifecycleBase.java:183)
	at org.apache.catalina.core.ContainerBase$StartChild.call(ContainerBase.java:1398)
	at org.apache.catalina.core.ContainerBase$StartChild.call(ContainerBase.java:1388)
	at java.util.concurrent.FutureTask.run$$$capture(FutureTask.java:266)
	at java.util.concurrent.FutureTask.run(FutureTask.java)
	at org.apache.tomcat.util.threads.InlineExecutorService.execute(InlineExecutorService.java:75)
	at java.util.concurrent.AbstractExecutorService.submit(AbstractExecutorService.java:134)
	at org.apache.catalina.core.ContainerBase.startInternal(ContainerBase.java:921)
	at org.apache.catalina.core.StandardHost.startInternal(StandardHost.java:835)
	at org.apache.catalina.util.LifecycleBase.start(LifecycleBase.java:183)
	at org.apache.catalina.core.ContainerBase$StartChild.call(ContainerBase.java:1398)
	at org.apache.catalina.core.ContainerBase$StartChild.call(ContainerBase.java:1388)
	at java.util.concurrent.FutureTask.run$$$capture(FutureTask.java:266)
	at java.util.concurrent.FutureTask.run(FutureTask.java)
	at org.apache.tomcat.util.threads.InlineExecutorService.execute(InlineExecutorService.java:75)
	at java.util.concurrent.AbstractExecutorService.submit(AbstractExecutorService.java:134)
	at org.apache.catalina.core.ContainerBase.startInternal(ContainerBase.java:921)
	at org.apache.catalina.core.StandardEngine.startInternal(StandardEngine.java:263)
	at org.apache.catalina.util.LifecycleBase.start(LifecycleBase.java:183)
	at org.apache.catalina.core.StandardService.startInternal(StandardService.java:437)
	at org.apache.catalina.util.LifecycleBase.start(LifecycleBase.java:183)
	at org.apache.catalina.core.StandardServer.startInternal(StandardServer.java:934)
	at org.apache.catalina.util.LifecycleBase.start(LifecycleBase.java:183)
	at org.apache.catalina.startup.Tomcat.start(Tomcat.java:486)
	at org.springframework.boot.web.embedded.tomcat.TomcatWebServer.initialize(TomcatWebServer.java:123)
	... 13 common frames omitted
Caused by: org.springframework.beans.factory.UnsatisfiedDependencyException: Error creating bean with name 'authenticationServiceImpl': Unsatisfied dependency expressed through field 'jwtTokenUtil'; nested exception is org.springframework.beans.factory.BeanCreationException: Error creating bean with name 'jwtTokenUtil': Injection of autowired dependencies failed; nested exception is java.lang.IllegalArgumentException: Could not resolve placeholder 'jwt.expiration' in value "${jwt.expiration}"
	at org.springframework.beans.factory.annotation.AutowiredAnnotationBeanPostProcessor$AutowiredFieldElement.resolveFieldValue(AutowiredAnnotationBeanPostProcessor.java:660)
	at org.springframework.beans.factory.annotation.AutowiredAnnotationBeanPostProcessor$AutowiredFieldElement.inject(AutowiredAnnotationBeanPostProcessor.java:640)
	at org.springframework.beans.factory.annotation.InjectionMetadata.inject(InjectionMetadata.java:119)
	at org.springframework.beans.factory.annotation.AutowiredAnnotationBeanPostProcessor.postProcessProperties(AutowiredAnnotationBeanPostProcessor.java:399)
	at org.springframework.beans.factory.support.AbstractAutowireCapableBeanFactory.populateBean(AbstractAutowireCapableBeanFactory.java:1413)
	at org.springframework.beans.factory.support.AbstractAutowireCapableBeanFactory.doCreateBean(AbstractAutowireCapableBeanFactory.java:601)
	at org.springframework.beans.factory.support.AbstractAutowireCapableBeanFactory.createBean(AbstractAutowireCapableBeanFactory.java:524)
	at org.springframework.beans.factory.support.AbstractBeanFactory.lambda$doGetBean$0(AbstractBeanFactory.java:335)
	at org.springframework.beans.factory.support.DefaultSingletonBeanRegistry.getSingleton(DefaultSingletonBeanRegistry.java:234)
	at org.springframework.beans.factory.support.AbstractBeanFactory.doGetBean(AbstractBeanFactory.java:333)
	at org.springframework.beans.factory.support.AbstractBeanFactory.getBean(AbstractBeanFactory.java:208)
	at org.springframework.beans.factory.config.DependencyDescriptor.resolveCandidate(DependencyDescriptor.java:276)
	at org.springframework.beans.factory.support.DefaultListableBeanFactory.doResolveDependency(DefaultListableBeanFactory.java:1380)
	at org.springframework.beans.factory.support.DefaultListableBeanFactory.resolveDependency(DefaultListableBeanFactory.java:1300)
	at org.springframework.beans.factory.annotation.AutowiredAnnotationBeanPostProcessor$AutowiredFieldElement.resolveFieldValue(AutowiredAnnotationBeanPostProcessor.java:657)
	... 57 common frames omitted
Caused by: org.springframework.beans.factory.BeanCreationException: Error creating bean with name 'jwtTokenUtil': Injection of autowired dependencies failed; nested exception is java.lang.IllegalArgumentException: Could not resolve placeholder 'jwt.expiration' in value "${jwt.expiration}"
	at org.springframework.beans.factory.annotation.AutowiredAnnotationBeanPostProcessor.postProcessProperties(AutowiredAnnotationBeanPostProcessor.java:405)
	at org.springframework.beans.factory.support.AbstractAutowireCapableBeanFactory.populateBean(AbstractAutowireCapableBeanFactory.java:1413)
	at org.springframework.beans.factory.support.AbstractAutowireCapableBeanFactory.doCreateBean(AbstractAutowireCapableBeanFactory.java:601)
	at org.springframework.beans.factory.support.AbstractAutowireCapableBeanFactory.createBean(AbstractAutowireCapableBeanFactory.java:524)
	at org.springframework.beans.factory.support.AbstractBeanFactory.lambda$doGetBean$0(AbstractBeanFactory.java:335)
	at org.springframework.beans.factory.support.DefaultSingletonBeanRegistry.getSingleton(DefaultSingletonBeanRegistry.java:234)
	at org.springframework.beans.factory.support.AbstractBeanFactory.doGetBean(AbstractBeanFactory.java:333)
	at org.springframework.beans.factory.support.AbstractBeanFactory.getBean(AbstractBeanFactory.java:208)
	at org.springframework.beans.factory.config.DependencyDescriptor.resolveCandidate(DependencyDescriptor.java:276)
	at org.springframework.beans.factory.support.DefaultListableBeanFactory.doResolveDependency(DefaultListableBeanFactory.java:1380)
	at org.springframework.beans.factory.support.DefaultListableBeanFactory.resolveDependency(DefaultListableBeanFactory.java:1300)
	at org.springframework.beans.factory.annotation.AutowiredAnnotationBeanPostProcessor$AutowiredFieldElement.resolveFieldValue(AutowiredAnnotationBeanPostProcessor.java:657)
	... 71 common frames omitted
Caused by: java.lang.IllegalArgumentException: Could not resolve placeholder 'jwt.expiration' in value "${jwt.expiration}"
	at org.springframework.util.PropertyPlaceholderHelper.parseStringValue(PropertyPlaceholderHelper.java:180)
	at org.springframework.util.PropertyPlaceholderHelper.replacePlaceholders(PropertyPlaceholderHelper.java:126)
	at org.springframework.core.env.AbstractPropertyResolver.doResolvePlaceholders(AbstractPropertyResolver.java:239)
	at org.springframework.core.env.AbstractPropertyResolver.resolveRequiredPlaceholders(AbstractPropertyResolver.java:210)
	at org.springframework.context.support.PropertySourcesPlaceholderConfigurer.lambda$processProperties$0(PropertySourcesPlaceholderConfigurer.java:175)
	at org.springframework.beans.factory.support.AbstractBeanFactory.resolveEmbeddedValue(AbstractBeanFactory.java:936)
	at org.springframework.beans.factory.support.DefaultListableBeanFactory.doResolveDependency(DefaultListableBeanFactory.java:1321)
	at org.springframework.beans.factory.support.DefaultListableBeanFactory.resolveDependency(DefaultListableBeanFactory.java:1300)
	at org.springframework.beans.factory.annotation.AutowiredAnnotationBeanPostProcessor$AutowiredFieldElement.resolveFieldValue(AutowiredAnnotationBeanPostProcessor.java:657)
	at org.springframework.beans.factory.annotation.AutowiredAnnotationBeanPostProcessor$AutowiredFieldElement.inject(AutowiredAnnotationBeanPostProcessor.java:640)
	at org.springframework.beans.factory.annotation.InjectionMetadata.inject(InjectionMetadata.java:119)
	at org.springframework.beans.factory.annotation.AutowiredAnnotationBeanPostProcessor.postProcessProperties(AutowiredAnnotationBeanPostProcessor.java:399)
	... 82 common frames omitted

2021-11-23 14:44:04.754  INFO 7944 --- [main] com.vae.Application                      : Starting Application using Java 1.8.0_281 on SKY-20210218KET with PID 7944 (E:\PycharmProjects\demo\Demo7\sbt-sec-authen-jwttoken\target\classes started by Administrator in E:\PycharmProjects\demo\Demo7\sbt-sec-authen-jwttoken)
2021-11-23 14:44:04.757  INFO 7944 --- [main] com.vae.Application                      : The following profiles are active: dev
2021-11-23 14:44:06.481  INFO 7944 --- [main] o.s.b.w.embedded.tomcat.TomcatWebServer  : Tomcat initialized with port(s): 8000 (http)
2021-11-23 14:44:06.490  INFO 7944 --- [main] o.a.coyote.http11.Http11NioProtocol      : Initializing ProtocolHandler ["http-nio-8000"]
2021-11-23 14:44:06.491  INFO 7944 --- [main] o.apache.catalina.core.StandardService   : Starting service [Tomcat]
2021-11-23 14:44:06.491  INFO 7944 --- [main] org.apache.catalina.core.StandardEngine  : Starting Servlet engine: [Apache Tomcat/9.0.50]
2021-11-23 14:44:06.581  INFO 7944 --- [main] o.a.c.c.C.[Tomcat].[localhost].[/]       : Initializing Spring embedded WebApplicationContext
2021-11-23 14:44:06.582  INFO 7944 --- [main] w.s.c.ServletWebServerApplicationContext : Root WebApplicationContext: initialization completed in 1757 ms
2021-11-23 14:44:06.921  INFO 7944 --- [main] .s.s.UserDetailsServiceAutoConfiguration : 

Using generated security password: 58dc940c-39db-43ba-bdff-49ba31b05b32

2021-11-23 14:44:07.035  INFO 7944 --- [main] o.s.s.web.DefaultSecurityFilterChain     : Will secure any request with [org.springframework.security.web.context.request.async.WebAsyncManagerIntegrationFilter@45ab3bdd, org.springframework.security.web.context.SecurityContextPersistenceFilter@53b1a3f8, org.springframework.security.web.header.HeaderWriterFilter@2577a95d, org.springframework.web.filter.CorsFilter@2f10f633, org.springframework.security.web.authentication.logout.LogoutFilter@25f15f50, com.vae.configuration.spring.security.JwtAuthenticationTokenFilter@2274160, org.springframework.security.web.savedrequest.RequestCacheAwareFilter@5a936e64, org.springframework.security.web.servletapi.SecurityContextHolderAwareRequestFilter@2fe74516, org.springframework.security.web.authentication.AnonymousAuthenticationFilter@1642eeae, org.springframework.security.web.session.SessionManagementFilter@38b3f208, org.springframework.security.web.access.ExceptionTranslationFilter@3238e2aa, org.springframework.security.web.access.intercept.FilterSecurityInterceptor@3e1fd62b]
2021-11-23 14:44:07.578  WARN 7944 --- [main] ConfigServletWebServerApplicationContext : Exception encountered during context initialization - cancelling refresh attempt: org.springframework.beans.factory.BeanCreationException: Error creating bean with name 'sqlSessionFactory' defined in class path resource [org/mybatis/spring/boot/autoconfigure/MybatisAutoConfiguration.class]: Bean instantiation via factory method failed; nested exception is org.springframework.beans.BeanInstantiationException: Failed to instantiate [org.apache.ibatis.session.SqlSessionFactory]: Factory method 'sqlSessionFactory' threw exception; nested exception is org.springframework.core.NestedIOException: Failed to parse mapping resource: 'file [E:\PycharmProjects\demo\Demo7\sbt-sec-authen-jwttoken\target\classes\mapper\UserMapper.xml]'; nested exception is org.apache.ibatis.builder.BuilderException: Error parsing Mapper XML. The XML location is 'file [E:\PycharmProjects\demo\Demo7\sbt-sec-authen-jwttoken\target\classes\mapper\UserMapper.xml]'. Cause: org.apache.ibatis.builder.BuilderException: Error resolving class. Cause: org.apache.ibatis.type.TypeException: Could not resolve type alias 'com.vae.viewmodel.UserPageRequestVM'.  Cause: java.lang.ClassNotFoundException: Cannot find class: com.vae.viewmodel.UserPageRequestVM
2021-11-23 14:44:07.582  INFO 7944 --- [main] o.apache.catalina.core.StandardService   : Stopping service [Tomcat]
2021-11-23 14:44:07.595  INFO 7944 --- [main] ConditionEvaluationReportLoggingListener : 

Error starting ApplicationContext. To display the conditions report re-run your application with 'debug' enabled.
2021-11-23 14:44:07.617 ERROR 7944 --- [main] o.s.boot.SpringApplication               : Application run failed

org.springframework.beans.factory.BeanCreationException: Error creating bean with name 'sqlSessionFactory' defined in class path resource [org/mybatis/spring/boot/autoconfigure/MybatisAutoConfiguration.class]: Bean instantiation via factory method failed; nested exception is org.springframework.beans.BeanInstantiationException: Failed to instantiate [org.apache.ibatis.session.SqlSessionFactory]: Factory method 'sqlSessionFactory' threw exception; nested exception is org.springframework.core.NestedIOException: Failed to parse mapping resource: 'file [E:\PycharmProjects\demo\Demo7\sbt-sec-authen-jwttoken\target\classes\mapper\UserMapper.xml]'; nested exception is org.apache.ibatis.builder.BuilderException: Error parsing Mapper XML. The XML location is 'file [E:\PycharmProjects\demo\Demo7\sbt-sec-authen-jwttoken\target\classes\mapper\UserMapper.xml]'. Cause: org.apache.ibatis.builder.BuilderException: Error resolving class. Cause: org.apache.ibatis.type.TypeException: Could not resolve type alias 'com.vae.viewmodel.UserPageRequestVM'.  Cause: java.lang.ClassNotFoundException: Cannot find class: com.vae.viewmodel.UserPageRequestVM
	at org.springframework.beans.factory.support.ConstructorResolver.instantiate(ConstructorResolver.java:658)
	at org.springframework.beans.factory.support.ConstructorResolver.instantiateUsingFactoryMethod(ConstructorResolver.java:638)
	at org.springframework.beans.factory.support.AbstractAutowireCapableBeanFactory.instantiateUsingFactoryMethod(AbstractAutowireCapableBeanFactory.java:1334)
	at org.springframework.beans.factory.support.AbstractAutowireCapableBeanFactory.createBeanInstance(AbstractAutowireCapableBeanFactory.java:1177)
	at org.springframework.beans.factory.support.AbstractAutowireCapableBeanFactory.doCreateBean(AbstractAutowireCapableBeanFactory.java:564)
	at org.springframework.beans.factory.support.AbstractAutowireCapableBeanFactory.createBean(AbstractAutowireCapableBeanFactory.java:524)
	at org.springframework.beans.factory.support.AbstractBeanFactory.lambda$doGetBean$0(AbstractBeanFactory.java:335)
	at org.springframework.beans.factory.support.DefaultSingletonBeanRegistry.getSingleton(DefaultSingletonBeanRegistry.java:234)
	at org.springframework.beans.factory.support.AbstractBeanFactory.doGetBean(AbstractBeanFactory.java:333)
	at org.springframework.beans.factory.support.AbstractBeanFactory.getBean(AbstractBeanFactory.java:208)
	at org.springframework.beans.factory.support.DefaultListableBeanFactory.preInstantiateSingletons(DefaultListableBeanFactory.java:944)
	at org.springframework.context.support.AbstractApplicationContext.finishBeanFactoryInitialization(AbstractApplicationContext.java:918)
	at org.springframework.context.support.AbstractApplicationContext.refresh(AbstractApplicationContext.java:583)
	at org.springframework.boot.web.servlet.context.ServletWebServerApplicationContext.refresh(ServletWebServerApplicationContext.java:145)
	at org.springframework.boot.SpringApplication.refresh(SpringApplication.java:754)
	at org.springframework.boot.SpringApplication.refreshContext(SpringApplication.java:434)
	at org.springframework.boot.SpringApplication.run(SpringApplication.java:338)
	at org.springframework.boot.SpringApplication.run(SpringApplication.java:1343)
	at org.springframework.boot.SpringApplication.run(SpringApplication.java:1332)
	at com.vae.Application.main(Application.java:20)
Caused by: org.springframework.beans.BeanInstantiationException: Failed to instantiate [org.apache.ibatis.session.SqlSessionFactory]: Factory method 'sqlSessionFactory' threw exception; nested exception is org.springframework.core.NestedIOException: Failed to parse mapping resource: 'file [E:\PycharmProjects\demo\Demo7\sbt-sec-authen-jwttoken\target\classes\mapper\UserMapper.xml]'; nested exception is org.apache.ibatis.builder.BuilderException: Error parsing Mapper XML. The XML location is 'file [E:\PycharmProjects\demo\Demo7\sbt-sec-authen-jwttoken\target\classes\mapper\UserMapper.xml]'. Cause: org.apache.ibatis.builder.BuilderException: Error resolving class. Cause: org.apache.ibatis.type.TypeException: Could not resolve type alias 'com.vae.viewmodel.UserPageRequestVM'.  Cause: java.lang.ClassNotFoundException: Cannot find class: com.vae.viewmodel.UserPageRequestVM
	at org.springframework.beans.factory.support.SimpleInstantiationStrategy.instantiate(SimpleInstantiationStrategy.java:185)
	at org.springframework.beans.factory.support.ConstructorResolver.instantiate(ConstructorResolver.java:653)
	... 19 common frames omitted
Caused by: org.springframework.core.NestedIOException: Failed to parse mapping resource: 'file [E:\PycharmProjects\demo\Demo7\sbt-sec-authen-jwttoken\target\classes\mapper\UserMapper.xml]'; nested exception is org.apache.ibatis.builder.BuilderException: Error parsing Mapper XML. The XML location is 'file [E:\PycharmProjects\demo\Demo7\sbt-sec-authen-jwttoken\target\classes\mapper\UserMapper.xml]'. Cause: org.apache.ibatis.builder.BuilderException: Error resolving class. Cause: org.apache.ibatis.type.TypeException: Could not resolve type alias 'com.vae.viewmodel.UserPageRequestVM'.  Cause: java.lang.ClassNotFoundException: Cannot find class: com.vae.viewmodel.UserPageRequestVM
	at org.mybatis.spring.SqlSessionFactoryBean.buildSqlSessionFactory(SqlSessionFactoryBean.java:612)
	at org.mybatis.spring.SqlSessionFactoryBean.afterPropertiesSet(SqlSessionFactoryBean.java:490)
	at org.mybatis.spring.SqlSessionFactoryBean.getObject(SqlSessionFactoryBean.java:632)
	at org.mybatis.spring.boot.autoconfigure.MybatisAutoConfiguration.sqlSessionFactory(MybatisAutoConfiguration.java:180)
	at org.mybatis.spring.boot.autoconfigure.MybatisAutoConfiguration$$EnhancerBySpringCGLIB$$72e0d341.CGLIB$sqlSessionFactory$1(<generated>)
	at org.mybatis.spring.boot.autoconfigure.MybatisAutoConfiguration$$EnhancerBySpringCGLIB$$72e0d341$$FastClassBySpringCGLIB$$246f86c0.invoke(<generated>)
	at org.springframework.cglib.proxy.MethodProxy.invokeSuper(MethodProxy.java:244)
	at org.springframework.context.annotation.ConfigurationClassEnhancer$BeanMethodInterceptor.intercept(ConfigurationClassEnhancer.java:331)
	at org.mybatis.spring.boot.autoconfigure.MybatisAutoConfiguration$$EnhancerBySpringCGLIB$$72e0d341.sqlSessionFactory(<generated>)
	at sun.reflect.NativeMethodAccessorImpl.invoke0(Native Method)
	at sun.reflect.NativeMethodAccessorImpl.invoke(NativeMethodAccessorImpl.java:62)
	at sun.reflect.DelegatingMethodAccessorImpl.invoke(DelegatingMethodAccessorImpl.java:43)
	at java.lang.reflect.Method.invoke(Method.java:498)
	at org.springframework.beans.factory.support.SimpleInstantiationStrategy.instantiate(SimpleInstantiationStrategy.java:154)
	... 20 common frames omitted
Caused by: org.apache.ibatis.builder.BuilderException: Error parsing Mapper XML. The XML location is 'file [E:\PycharmProjects\demo\Demo7\sbt-sec-authen-jwttoken\target\classes\mapper\UserMapper.xml]'. Cause: org.apache.ibatis.builder.BuilderException: Error resolving class. Cause: org.apache.ibatis.type.TypeException: Could not resolve type alias 'com.vae.viewmodel.UserPageRequestVM'.  Cause: java.lang.ClassNotFoundException: Cannot find class: com.vae.viewmodel.UserPageRequestVM
	at org.apache.ibatis.builder.xml.XMLMapperBuilder.configurationElement(XMLMapperBuilder.java:123)
	at org.apache.ibatis.builder.xml.XMLMapperBuilder.parse(XMLMapperBuilder.java:95)
	at org.mybatis.spring.SqlSessionFactoryBean.buildSqlSessionFactory(SqlSessionFactoryBean.java:610)
	... 33 common frames omitted
Caused by: org.apache.ibatis.builder.BuilderException: Error resolving class. Cause: org.apache.ibatis.type.TypeException: Could not resolve type alias 'com.vae.viewmodel.UserPageRequestVM'.  Cause: java.lang.ClassNotFoundException: Cannot find class: com.vae.viewmodel.UserPageRequestVM
	at org.apache.ibatis.builder.BaseBuilder.resolveClass(BaseBuilder.java:118)
	at org.apache.ibatis.builder.xml.XMLStatementBuilder.parseStatementNode(XMLStatementBuilder.java:76)
	at org.apache.ibatis.builder.xml.XMLMapperBuilder.buildStatementFromContext(XMLMapperBuilder.java:138)
	at org.apache.ibatis.builder.xml.XMLMapperBuilder.buildStatementFromContext(XMLMapperBuilder.java:131)
	at org.apache.ibatis.builder.xml.XMLMapperBuilder.configurationElement(XMLMapperBuilder.java:121)
	... 35 common frames omitted
Caused by: org.apache.ibatis.type.TypeException: Could not resolve type alias 'com.vae.viewmodel.UserPageRequestVM'.  Cause: java.lang.ClassNotFoundException: Cannot find class: com.vae.viewmodel.UserPageRequestVM
	at org.apache.ibatis.type.TypeAliasRegistry.resolveAlias(TypeAliasRegistry.java:120)
	at org.apache.ibatis.builder.BaseBuilder.resolveAlias(BaseBuilder.java:149)
	at org.apache.ibatis.builder.BaseBuilder.resolveClass(BaseBuilder.java:116)
	... 39 common frames omitted
Caused by: java.lang.ClassNotFoundException: Cannot find class: com.vae.viewmodel.UserPageRequestVM
	at org.apache.ibatis.io.ClassLoaderWrapper.classForName(ClassLoaderWrapper.java:200)
	at org.apache.ibatis.io.ClassLoaderWrapper.classForName(ClassLoaderWrapper.java:89)
	at org.apache.ibatis.io.Resources.classForName(Resources.java:261)
	at org.apache.ibatis.type.TypeAliasRegistry.resolveAlias(TypeAliasRegistry.java:116)
	... 41 common frames omitted

2021-11-23 15:13:45.982  INFO 11040 --- [main] com.vae.Application                      : Starting Application using Java 1.8.0_281 on SKY-20210218KET with PID 11040 (E:\PycharmProjects\demo\Demo7\sbt-sec-authen-jwttoken\target\classes started by Administrator in E:\PycharmProjects\demo\Demo7\sbt-sec-authen-jwttoken)
2021-11-23 15:13:45.985  INFO 11040 --- [main] com.vae.Application                      : The following profiles are active: dev
2021-11-23 15:13:47.280  INFO 11040 --- [main] o.s.b.w.embedded.tomcat.TomcatWebServer  : Tomcat initialized with port(s): 8000 (http)
2021-11-23 15:13:47.290  INFO 11040 --- [main] o.a.coyote.http11.Http11NioProtocol      : Initializing ProtocolHandler ["http-nio-8000"]
2021-11-23 15:13:47.290  INFO 11040 --- [main] o.apache.catalina.core.StandardService   : Starting service [Tomcat]
2021-11-23 15:13:47.291  INFO 11040 --- [main] org.apache.catalina.core.StandardEngine  : Starting Servlet engine: [Apache Tomcat/9.0.50]
2021-11-23 15:13:47.380  INFO 11040 --- [main] o.a.c.c.C.[Tomcat].[localhost].[/]       : Initializing Spring embedded WebApplicationContext
2021-11-23 15:13:47.380  INFO 11040 --- [main] w.s.c.ServletWebServerApplicationContext : Root WebApplicationContext: initialization completed in 1285 ms
2021-11-23 15:13:47.863  INFO 11040 --- [main] .s.s.UserDetailsServiceAutoConfiguration : 

Using generated security password: 89064808-80b9-48b8-9f7a-13fe34e406a4

2021-11-23 15:13:47.999  INFO 11040 --- [main] o.s.s.web.DefaultSecurityFilterChain     : Will secure any request with [org.springframework.security.web.context.request.async.WebAsyncManagerIntegrationFilter@498c535d, org.springframework.security.web.context.SecurityContextPersistenceFilter@195580ba, org.springframework.security.web.header.HeaderWriterFilter@489bc8fd, org.springframework.web.filter.CorsFilter@16ee9aa7, org.springframework.security.web.authentication.logout.LogoutFilter@7b222230, com.vae.configuration.spring.security.JwtAuthenticationTokenFilter@6d229b1c, org.springframework.security.web.savedrequest.RequestCacheAwareFilter@1d3c112a, org.springframework.security.web.servletapi.SecurityContextHolderAwareRequestFilter@260e3837, org.springframework.security.web.authentication.AnonymousAuthenticationFilter@4e424582, org.springframework.security.web.session.SessionManagementFilter@93501be, org.springframework.security.web.access.ExceptionTranslationFilter@6f1c3f18, org.springframework.security.web.access.intercept.FilterSecurityInterceptor@ce12fbb]
2021-11-23 15:13:48.345  INFO 11040 --- [main] o.a.coyote.http11.Http11NioProtocol      : Starting ProtocolHandler ["http-nio-8000"]
2021-11-23 15:13:48.364  INFO 11040 --- [main] o.s.b.w.embedded.tomcat.TomcatWebServer  : Tomcat started on port(s): 8000 (http) with context path ''
2021-11-23 15:13:48.378  INFO 11040 --- [main] com.vae.Application                      : Started Application in 3.04 seconds (JVM running for 3.808)
2021-11-23 15:14:46.751  INFO 11040 --- [http-nio-8000-exec-1] o.a.c.c.C.[Tomcat].[localhost].[/]       : Initializing Spring DispatcherServlet 'dispatcherServlet'
2021-11-23 15:14:46.752  INFO 11040 --- [http-nio-8000-exec-1] o.s.web.servlet.DispatcherServlet        : Initializing Servlet 'dispatcherServlet'
2021-11-23 15:14:46.753  INFO 11040 --- [http-nio-8000-exec-1] o.s.web.servlet.DispatcherServlet        : Completed initialization in 1 ms
2021-11-23 15:23:39.349  INFO 8008 --- [main] com.vae.Application                      : Starting Application using Java 1.8.0_281 on SKY-20210218KET with PID 8008 (E:\PycharmProjects\demo\Demo7\sbt-sec-authen-jwttoken\target\classes started by Administrator in E:\PycharmProjects\demo\Demo7\sbt-sec-authen-jwttoken)
2021-11-23 15:23:39.355  INFO 8008 --- [main] com.vae.Application                      : The following profiles are active: dev
2021-11-23 15:23:40.808  INFO 8008 --- [main] o.s.b.w.embedded.tomcat.TomcatWebServer  : Tomcat initialized with port(s): 8000 (http)
2021-11-23 15:23:40.818  INFO 8008 --- [main] o.a.coyote.http11.Http11NioProtocol      : Initializing ProtocolHandler ["http-nio-8000"]
2021-11-23 15:23:40.819  INFO 8008 --- [main] o.apache.catalina.core.StandardService   : Starting service [Tomcat]
2021-11-23 15:23:40.819  INFO 8008 --- [main] org.apache.catalina.core.StandardEngine  : Starting Servlet engine: [Apache Tomcat/9.0.50]
2021-11-23 15:23:40.911  INFO 8008 --- [main] o.a.c.c.C.[Tomcat].[localhost].[/]       : Initializing Spring embedded WebApplicationContext
2021-11-23 15:23:40.911  INFO 8008 --- [main] w.s.c.ServletWebServerApplicationContext : Root WebApplicationContext: initialization completed in 1472 ms
2021-11-23 15:23:41.394  INFO 8008 --- [main] .s.s.UserDetailsServiceAutoConfiguration : 

Using generated security password: 71013ffb-c183-406e-ad9f-f70c7df8dead

2021-11-23 15:23:41.535  INFO 8008 --- [main] o.s.s.web.DefaultSecurityFilterChain     : Will secure any request with [org.springframework.security.web.context.request.async.WebAsyncManagerIntegrationFilter@39b626e5, org.springframework.security.web.context.SecurityContextPersistenceFilter@7f73ce28, org.springframework.security.web.header.HeaderWriterFilter@7573b9ee, org.springframework.web.filter.CorsFilter@32a4ecbe, org.springframework.security.web.authentication.logout.LogoutFilter@7da635c0, com.vae.configuration.spring.security.JwtAuthenticationTokenFilter@6cd15072, org.springframework.security.web.savedrequest.RequestCacheAwareFilter@2282400e, org.springframework.security.web.servletapi.SecurityContextHolderAwareRequestFilter@5d05f453, org.springframework.security.web.authentication.AnonymousAuthenticationFilter@2e71240b, org.springframework.security.web.session.SessionManagementFilter@40c06358, org.springframework.security.web.access.ExceptionTranslationFilter@5ba90d8a, org.springframework.security.web.access.intercept.FilterSecurityInterceptor@2e1eb85f]
2021-11-23 15:23:41.888  INFO 8008 --- [main] o.a.coyote.http11.Http11NioProtocol      : Starting ProtocolHandler ["http-nio-8000"]
2021-11-23 15:23:41.905  INFO 8008 --- [main] o.s.b.w.embedded.tomcat.TomcatWebServer  : Tomcat started on port(s): 8000 (http) with context path ''
2021-11-23 15:23:41.917  INFO 8008 --- [main] com.vae.Application                      : Started Application in 3.338 seconds (JVM running for 4.235)
2021-11-23 15:25:07.473  INFO 8008 --- [http-nio-8000-exec-1] o.a.c.c.C.[Tomcat].[localhost].[/]       : Initializing Spring DispatcherServlet 'dispatcherServlet'
2021-11-23 15:25:07.473  INFO 8008 --- [http-nio-8000-exec-1] o.s.web.servlet.DispatcherServlet        : Initializing Servlet 'dispatcherServlet'
2021-11-23 15:25:07.474  INFO 8008 --- [http-nio-8000-exec-1] o.s.web.servlet.DispatcherServlet        : Completed initialization in 1 ms
2021-11-23 15:25:21.041  INFO 8008 --- [http-nio-8000-exec-1] com.zaxxer.hikari.HikariDataSource       : HikariPool-1 - Starting...
2021-11-23 15:25:21.519  INFO 8008 --- [http-nio-8000-exec-1] com.zaxxer.hikari.HikariDataSource       : HikariPool-1 - Start completed.
2021-11-23 15:25:48.591  WARN 8008 --- [http-nio-8000-exec-1] c.v.s.impl.AuthenticationServiceImpl     : 登录异常:用户名或密码错误
2021-11-23 15:25:48.772  INFO 8008 --- [SpringApplicationShutdownHook] com.zaxxer.hikari.HikariDataSource       : HikariPool-1 - Shutdown initiated...
2021-11-23 15:25:48.780  INFO 8008 --- [SpringApplicationShutdownHook] com.zaxxer.hikari.HikariDataSource       : HikariPool-1 - Shutdown completed.
2021-11-23 15:27:15.485  INFO 7504 --- [main] com.vae.Application                      : Starting Application using Java 1.8.0_281 on SKY-20210218KET with PID 7504 (E:\PycharmProjects\demo\Demo7\sbt-sec-authen-jwttoken\target\classes started by Administrator in E:\PycharmProjects\demo\Demo7\sbt-sec-authen-jwttoken)
2021-11-23 15:27:15.489  INFO 7504 --- [main] com.vae.Application                      : The following profiles are active: dev
2021-11-23 15:27:16.902  INFO 7504 --- [main] o.s.b.w.embedded.tomcat.TomcatWebServer  : Tomcat initialized with port(s): 8000 (http)
2021-11-23 15:27:16.912  INFO 7504 --- [main] o.a.coyote.http11.Http11NioProtocol      : Initializing ProtocolHandler ["http-nio-8000"]
2021-11-23 15:27:16.913  INFO 7504 --- [main] o.apache.catalina.core.StandardService   : Starting service [Tomcat]
2021-11-23 15:27:16.913  INFO 7504 --- [main] org.apache.catalina.core.StandardEngine  : Starting Servlet engine: [Apache Tomcat/9.0.50]
2021-11-23 15:27:17.008  INFO 7504 --- [main] o.a.c.c.C.[Tomcat].[localhost].[/]       : Initializing Spring embedded WebApplicationContext
2021-11-23 15:27:17.008  INFO 7504 --- [main] w.s.c.ServletWebServerApplicationContext : Root WebApplicationContext: initialization completed in 1431 ms
2021-11-23 15:27:17.488  INFO 7504 --- [main] .s.s.UserDetailsServiceAutoConfiguration : 

Using generated security password: 98d432d9-aec0-4f6c-811b-26c31f3a3c35

2021-11-23 15:27:17.624  INFO 7504 --- [main] o.s.s.web.DefaultSecurityFilterChain     : Will secure any request with [org.springframework.security.web.context.request.async.WebAsyncManagerIntegrationFilter@7a1a3468, org.springframework.security.web.context.SecurityContextPersistenceFilter@48581a3b, org.springframework.security.web.header.HeaderWriterFilter@66ec4409, org.springframework.web.filter.CorsFilter@59d0cdb6, org.springframework.security.web.authentication.logout.LogoutFilter@c1e14f, com.vae.configuration.spring.security.JwtAuthenticationTokenFilter@66a53104, org.springframework.security.web.savedrequest.RequestCacheAwareFilter@93501be, org.springframework.security.web.servletapi.SecurityContextHolderAwareRequestFilter@6da4feeb, org.springframework.security.web.authentication.AnonymousAuthenticationFilter@2dfeb141, org.springframework.security.web.session.SessionManagementFilter@16e99306, org.springframework.security.web.access.ExceptionTranslationFilter@52831a73, org.springframework.security.web.access.intercept.FilterSecurityInterceptor@79ba0a6f]
2021-11-23 15:27:17.971  INFO 7504 --- [main] o.a.coyote.http11.Http11NioProtocol      : Starting ProtocolHandler ["http-nio-8000"]
2021-11-23 15:27:17.988  INFO 7504 --- [main] o.s.b.w.embedded.tomcat.TomcatWebServer  : Tomcat started on port(s): 8000 (http) with context path ''
2021-11-23 15:27:18.000  INFO 7504 --- [main] com.vae.Application                      : Started Application in 3.291 seconds (JVM running for 3.992)
2021-11-23 15:29:42.796  INFO 8096 --- [main] com.vae.Application                      : Starting Application using Java 1.8.0_281 on SKY-20210218KET with PID 8096 (E:\PycharmProjects\demo\Demo7\sbt-sec-authen-jwttoken\target\classes started by Administrator in E:\PycharmProjects\demo\Demo7\sbt-sec-authen-jwttoken)
2021-11-23 15:29:42.800  INFO 8096 --- [main] com.vae.Application                      : The following profiles are active: dev
2021-11-23 15:29:44.095  INFO 8096 --- [main] o.s.b.w.embedded.tomcat.TomcatWebServer  : Tomcat initialized with port(s): 8000 (http)
2021-11-23 15:29:44.104  INFO 8096 --- [main] o.a.coyote.http11.Http11NioProtocol      : Initializing ProtocolHandler ["http-nio-8000"]
2021-11-23 15:29:44.105  INFO 8096 --- [main] o.apache.catalina.core.StandardService   : Starting service [Tomcat]
2021-11-23 15:29:44.105  INFO 8096 --- [main] org.apache.catalina.core.StandardEngine  : Starting Servlet engine: [Apache Tomcat/9.0.50]
2021-11-23 15:29:44.196  INFO 8096 --- [main] o.a.c.c.C.[Tomcat].[localhost].[/]       : Initializing Spring embedded WebApplicationContext
2021-11-23 15:29:44.196  INFO 8096 --- [main] w.s.c.ServletWebServerApplicationContext : Root WebApplicationContext: initialization completed in 1331 ms
2021-11-23 15:29:44.678  INFO 8096 --- [main] .s.s.UserDetailsServiceAutoConfiguration : 

Using generated security password: 60857115-992c-46aa-ad50-0e97b595b723

2021-11-23 15:29:44.822  INFO 8096 --- [main] o.s.s.web.DefaultSecurityFilterChain     : Will secure any request with [org.springframework.security.web.context.request.async.WebAsyncManagerIntegrationFilter@62b3a2f6, org.springframework.security.web.context.SecurityContextPersistenceFilter@637791d, org.springframework.security.web.header.HeaderWriterFilter@4e245739, org.springframework.web.filter.CorsFilter@202898d7, org.springframework.security.web.authentication.logout.LogoutFilter@2ac519dc, com.vae.configuration.spring.security.JwtAuthenticationTokenFilter@d675f9f, org.springframework.security.web.savedrequest.RequestCacheAwareFilter@60f77af, org.springframework.security.web.servletapi.SecurityContextHolderAwareRequestFilter@800d065, org.springframework.security.web.authentication.AnonymousAuthenticationFilter@317890ea, org.springframework.security.web.session.SessionManagementFilter@348137e8, org.springframework.security.web.access.ExceptionTranslationFilter@3b24087d, org.springframework.security.web.access.intercept.FilterSecurityInterceptor@4f59a516]
2021-11-23 15:29:45.164  INFO 8096 --- [main] o.a.coyote.http11.Http11NioProtocol      : Starting ProtocolHandler ["http-nio-8000"]
2021-11-23 15:29:45.182  INFO 8096 --- [main] o.s.b.w.embedded.tomcat.TomcatWebServer  : Tomcat started on port(s): 8000 (http) with context path ''
2021-11-23 15:29:45.194  INFO 8096 --- [main] com.vae.Application                      : Started Application in 3.219 seconds (JVM running for 4.062)
2021-11-23 15:30:03.092  INFO 8096 --- [http-nio-8000-exec-1] o.a.c.c.C.[Tomcat].[localhost].[/]       : Initializing Spring DispatcherServlet 'dispatcherServlet'
2021-11-23 15:30:03.092  INFO 8096 --- [http-nio-8000-exec-1] o.s.web.servlet.DispatcherServlet        : Initializing Servlet 'dispatcherServlet'
2021-11-23 15:30:03.094  INFO 8096 --- [http-nio-8000-exec-1] o.s.web.servlet.DispatcherServlet        : Completed initialization in 1 ms
2021-11-23 15:30:10.496  INFO 8096 --- [http-nio-8000-exec-1] com.zaxxer.hikari.HikariDataSource       : HikariPool-1 - Starting...
2021-11-23 15:30:10.973  INFO 8096 --- [http-nio-8000-exec-1] com.zaxxer.hikari.HikariDataSource       : HikariPool-1 - Start completed.
2021-11-23 15:30:11.162  WARN 8096 --- [http-nio-8000-exec-1] o.s.s.c.bcrypt.BCryptPasswordEncoder     : Encoded password does not look like BCrypt
2021-11-23 15:30:11.163  INFO 8096 --- [http-nio-8000-exec-1] c.v.s.impl.AuthenticationServiceImpl     : admin
2021-11-23 15:31:22.732  WARN 8096 --- [HikariPool-1 housekeeper] com.zaxxer.hikari.pool.HikariPool        : HikariPool-1 - Thread starvation or clock leap detected (housekeeper delta=1m11s655ms245µs223ns).
2021-11-23 15:31:22.732  WARN 8096 --- [http-nio-8000-exec-3] o.s.s.c.bcrypt.BCryptPasswordEncoder     : Encoded password does not look like BCrypt
2021-11-23 15:31:22.735  INFO 8096 --- [http-nio-8000-exec-3] c.v.s.impl.AuthenticationServiceImpl     : admin
2021-11-23 15:31:22.812  INFO 8096 --- [SpringApplicationShutdownHook] com.zaxxer.hikari.HikariDataSource       : HikariPool-1 - Shutdown initiated...
2021-11-23 15:31:22.820  INFO 8096 --- [SpringApplicationShutdownHook] com.zaxxer.hikari.HikariDataSource       : HikariPool-1 - Shutdown completed.
2021-11-23 15:32:40.933  INFO 6252 --- [main] com.vae.Application                      : Starting Application using Java 1.8.0_281 on SKY-20210218KET with PID 6252 (E:\PycharmProjects\demo\Demo7\sbt-sec-authen-jwttoken\target\classes started by Administrator in E:\PycharmProjects\demo\Demo7\sbt-sec-authen-jwttoken)
2021-11-23 15:32:40.937  INFO 6252 --- [main] com.vae.Application                      : The following profiles are active: dev
2021-11-23 15:32:42.498  INFO 6252 --- [main] o.s.b.w.embedded.tomcat.TomcatWebServer  : Tomcat initialized with port(s): 8000 (http)
2021-11-23 15:32:42.507  INFO 6252 --- [main] o.a.coyote.http11.Http11NioProtocol      : Initializing ProtocolHandler ["http-nio-8000"]
2021-11-23 15:32:42.508  INFO 6252 --- [main] o.apache.catalina.core.StandardService   : Starting service [Tomcat]
2021-11-23 15:32:42.508  INFO 6252 --- [main] org.apache.catalina.core.StandardEngine  : Starting Servlet engine: [Apache Tomcat/9.0.50]
2021-11-23 15:32:42.597  INFO 6252 --- [main] o.a.c.c.C.[Tomcat].[localhost].[/]       : Initializing Spring embedded WebApplicationContext
2021-11-23 15:32:42.597  INFO 6252 --- [main] w.s.c.ServletWebServerApplicationContext : Root WebApplicationContext: initialization completed in 1576 ms
2021-11-23 15:32:43.068  INFO 6252 --- [main] .s.s.UserDetailsServiceAutoConfiguration : 

Using generated security password: aca7bc17-4ba0-481b-886b-02664e80b073

2021-11-23 15:32:43.215  INFO 6252 --- [main] o.s.s.web.DefaultSecurityFilterChain     : Will secure any request with [org.springframework.security.web.context.request.async.WebAsyncManagerIntegrationFilter@7fe07361, org.springframework.security.web.context.SecurityContextPersistenceFilter@67fb5025, org.springframework.security.web.header.HeaderWriterFilter@623e0631, org.springframework.web.filter.CorsFilter@741ac284, org.springframework.security.web.authentication.logout.LogoutFilter@6af5b246, com.vae.configuration.spring.security.JwtAuthenticationTokenFilter@f8a6243, org.springframework.security.web.savedrequest.RequestCacheAwareFilter@392781e, org.springframework.security.web.servletapi.SecurityContextHolderAwareRequestFilter@902fdbe, org.springframework.security.web.authentication.AnonymousAuthenticationFilter@4ef4f627, org.springframework.security.web.session.SessionManagementFilter@3b481bf5, org.springframework.security.web.access.ExceptionTranslationFilter@661d6bb6, org.springframework.security.web.access.intercept.FilterSecurityInterceptor@2c1f8dbd]
2021-11-23 15:32:43.559  INFO 6252 --- [main] o.a.coyote.http11.Http11NioProtocol      : Starting ProtocolHandler ["http-nio-8000"]
2021-11-23 15:32:43.577  INFO 6252 --- [main] o.s.b.w.embedded.tomcat.TomcatWebServer  : Tomcat started on port(s): 8000 (http) with context path ''
2021-11-23 15:32:43.589  INFO 6252 --- [main] com.vae.Application                      : Started Application in 3.331 seconds (JVM running for 4.091)
2021-11-23 15:36:26.968  INFO 6252 --- [http-nio-8000-exec-1] o.a.c.c.C.[Tomcat].[localhost].[/]       : Initializing Spring DispatcherServlet 'dispatcherServlet'
2021-11-23 15:36:26.968  INFO 6252 --- [http-nio-8000-exec-1] o.s.web.servlet.DispatcherServlet        : Initializing Servlet 'dispatcherServlet'
2021-11-23 15:36:26.969  INFO 6252 --- [http-nio-8000-exec-1] o.s.web.servlet.DispatcherServlet        : Completed initialization in 1 ms
2021-11-23 15:36:39.910  INFO 6252 --- [http-nio-8000-exec-1] com.zaxxer.hikari.HikariDataSource       : HikariPool-1 - Starting...
2021-11-23 15:36:40.390  INFO 6252 --- [http-nio-8000-exec-1] com.zaxxer.hikari.HikariDataSource       : HikariPool-1 - Start completed.
2021-11-23 15:36:58.228  WARN 6252 --- [http-nio-8000-exec-1] o.s.s.c.bcrypt.BCryptPasswordEncoder     : Encoded password does not look like BCrypt
2021-11-23 15:39:52.065  INFO 6252 --- [http-nio-8000-exec-1] c.v.s.impl.AuthenticationServiceImpl     : admin
2021-11-23 15:39:52.065  WARN 6252 --- [HikariPool-1 housekeeper] com.zaxxer.hikari.pool.HikariPool        : HikariPool-1 - Thread starvation or clock leap detected (housekeeper delta=3m11s564ms710µs587ns).
2021-11-23 15:40:21.013  WARN 6252 --- [http-nio-8000-exec-3] c.v.s.impl.AuthenticationServiceImpl     : 登录异常:用户名或密码错误
2021-11-23 15:40:28.129  WARN 6252 --- [http-nio-8000-exec-5] c.v.s.impl.AuthenticationServiceImpl     : 登录异常:用户名或密码错误
2021-11-23 15:40:53.520  WARN 6252 --- [http-nio-8000-exec-7] c.v.s.impl.AuthenticationServiceImpl     : 登录异常:用户名或密码错误
2021-11-23 15:40:53.601  INFO 6252 --- [SpringApplicationShutdownHook] com.zaxxer.hikari.HikariDataSource       : HikariPool-1 - Shutdown initiated...
2021-11-23 15:40:53.607  INFO 6252 --- [SpringApplicationShutdownHook] com.zaxxer.hikari.HikariDataSource       : HikariPool-1 - Shutdown completed.
2021-11-23 15:41:05.711  INFO 7224 --- [main] com.vae.Application                      : Starting Application using Java 1.8.0_281 on SKY-20210218KET with PID 7224 (E:\PycharmProjects\demo\Demo7\sbt-sec-authen-jwttoken\target\classes started by Administrator in E:\PycharmProjects\demo\Demo7\sbt-sec-authen-jwttoken)
2021-11-23 15:41:05.713  INFO 7224 --- [main] com.vae.Application                      : The following profiles are active: dev
